# JRE version: OpenJDK Runtime Environment (8.0_292-b10) (build 1.8.0_292-b10)
# Java VM: OpenJDK 64-Bit Server VM (25.292-b10 mixed mode windows-amd64 compressed oops)
Heap:
 PSYoungGen      total 2599936K, used 2071179K [0x0000000715e00000, 0x00000007c0000000, 0x00000007c0000000)
  eden space 2419712K, 80% used [0x0000000715e00000,0x000000078cf745b0,0x00000007a9900000)
  from space 180224K, 66% used [0x00000007b5000000,0x00000007bc52ea18,0x00000007c0000000)
  to   space 183808K, 0% used [0x00000007a9900000,0x00000007a9900000,0x00000007b4c80000)
 ParOldGen       total 839680K, used 336672K [0x00000005c1a00000, 0x00000005f4e00000, 0x0000000715e00000)
  object space 839680K, 40% used [0x00000005c1a00000,0x00000005d62c8258,0x00000005f4e00000)
 Metaspace       used 115051K, capacity 131224K, committed 131328K, reserved 1159168K
  class space    used 16672K, capacity 20712K, committed 20736K, reserved 1048576K
GC Heap History (10 events):
Event: 80.334 GC heap before
{Heap before GC invocations=56 (full 4):
 PSYoungGen      total 2631168K, used 2631070K [0x0000000715e00000, 0x00000007c0000000, 0x00000007c0000000)
  eden space 2515968K, 100% used [0x0000000715e00000,0x00000007af700000,0x00000007af700000)
  from space 115200K, 99% used [0x00000007af700000,0x00000007b6767968,0x00000007b6780000)
  to   space 148480K, 0% used [0x00000007b6f00000,0x00000007b6f00000,0x00000007c0000000)
 ParOldGen       total 839680K, used 336632K [0x00000005c1a00000, 0x00000005f4e00000, 0x0000000715e00000)
  object space 839680K, 40% used [0x00000005c1a00000,0x00000005d62be258,0x00000005f4e00000)
 Metaspace       used 114704K, capacity 130856K, committed 131072K, reserved 1159168K
  class space    used 16666K, capacity 20678K, committed 20736K, reserved 1048576K
Event: 80.368 GC heap after
Heap after GC invocations=56 (full 4):
 PSYoungGen      total 2617344K, used 116409K [0x0000000715e00000, 0x00000007c0000000, 0x00000007c0000000)
  eden space 2468864K, 0% used [0x0000000715e00000,0x0000000715e00000,0x00000007ac900000)
  from space 148480K, 78% used [0x00000007b6f00000,0x00000007be0ae640,0x00000007c0000000)
  to   space 159232K, 0% used [0x00000007ac900000,0x00000007ac900000,0x00000007b6480000)
 ParOldGen       total 839680K, used 336640K [0x00000005c1a00000, 0x00000005f4e00000, 0x0000000715e00000)
  object space 839680K, 40% used [0x00000005c1a00000,0x00000005d62c0258,0x00000005f4e00000)
 Metaspace       used 114704K, capacity 130856K, committed 131072K, reserved 1159168K
  class space    used 16666K, capacity 20678K, committed 20736K, reserved 1048576K
}
Event: 89.107 GC heap before
{Heap before GC invocations=57 (full 4):
 PSYoungGen      total 2617344K, used 2585273K [0x0000000715e00000, 0x00000007c0000000, 0x00000007c0000000)
  eden space 2468864K, 100% used [0x0000000715e00000,0x00000007ac900000,0x00000007ac900000)
  from space 148480K, 78% used [0x00000007b6f00000,0x00000007be0ae640,0x00000007c0000000)
  to   space 159232K, 0% used [0x00000007ac900000,0x00000007ac900000,0x00000007b6480000)
 ParOldGen       total 839680K, used 336640K [0x00000005c1a00000, 0x00000005f4e00000, 0x0000000715e00000)
  object space 839680K, 40% used [0x00000005c1a00000,0x00000005d62c0258,0x00000005f4e00000)
 Metaspace       used 114879K, capacity 131050K, committed 131328K, reserved 1159168K
  class space    used 16668K, capacity 20711K, committed 20736K, reserved 1048576K
Event: 89.134 GC heap after
Heap after GC invocations=57 (full 4):
 PSYoungGen      total 2587648K, used 118741K [0x0000000715e00000, 0x00000007c0000000, 0x00000007c0000000)
  eden space 2468864K, 0% used [0x0000000715e00000,0x0000000715e00000,0x00000007ac900000)
  from space 118784K, 99% used [0x00000007ac900000,0x00000007b3cf5568,0x00000007b3d00000)
  to   space 168448K, 0% used [0x00000007b5b80000,0x00000007b5b80000,0x00000007c0000000)
 ParOldGen       total 839680K, used 336648K [0x00000005c1a00000, 0x00000005f4e00000, 0x0000000715e00000)
  object space 839680K, 40% used [0x00000005c1a00000,0x00000005d62c2258,0x00000005f4e00000)
 Metaspace       used 114879K, capacity 131050K, committed 131328K, reserved 1159168K
  class space    used 16668K, capacity 20711K, committed 20736K, reserved 1048576K
}
Event: 97.876 GC heap before
{Heap before GC invocations=58 (full 4):
 PSYoungGen      total 2587648K, used 2587605K [0x0000000715e00000, 0x00000007c0000000, 0x00000007c0000000)
  eden space 2468864K, 100% used [0x0000000715e00000,0x00000007ac900000,0x00000007ac900000)
  from space 118784K, 99% used [0x00000007ac900000,0x00000007b3cf5568,0x00000007b3d00000)
  to   space 168448K, 0% used [0x00000007b5b80000,0x00000007b5b80000,0x00000007c0000000)
 ParOldGen       total 839680K, used 336648K [0x00000005c1a00000, 0x00000005f4e00000, 0x0000000715e00000)
  object space 839680K, 40% used [0x00000005c1a00000,0x00000005d62c2258,0x00000005f4e00000)
 Metaspace       used 114927K, capacity 131118K, committed 131328K, reserved 1159168K
  class space    used 16669K, capacity 20711K, committed 20736K, reserved 1048576K
Event: 97.906 GC heap after
Heap after GC invocations=58 (full 4):
 PSYoungGen      total 2606592K, used 117580K [0x0000000715e00000, 0x00000007c0000000, 0x00000007c0000000)
  eden space 2438144K, 0% used [0x0000000715e00000,0x0000000715e00000,0x00000007aab00000)
  from space 168448K, 69% used [0x00000007b5b80000,0x00000007bce533b0,0x00000007c0000000)
  to   space 174592K, 0% used [0x00000007aab00000,0x00000007aab00000,0x00000007b5580000)
 ParOldGen       total 839680K, used 336656K [0x00000005c1a00000, 0x00000005f4e00000, 0x0000000715e00000)
  object space 839680K, 40% used [0x00000005c1a00000,0x00000005d62c4258,0x00000005f4e00000)
 Metaspace       used 114927K, capacity 131118K, committed 131328K, reserved 1159168K
  class space    used 16669K, capacity 20711K, committed 20736K, reserved 1048576K
}
Event: 105.926 GC heap before
{Heap before GC invocations=59 (full 4):
 PSYoungGen      total 2606592K, used 2555724K [0x0000000715e00000, 0x00000007c0000000, 0x00000007c0000000)
  eden space 2438144K, 100% used [0x0000000715e00000,0x00000007aab00000,0x00000007aab00000)
  from space 168448K, 69% used [0x00000007b5b80000,0x00000007bce533b0,0x00000007c0000000)
  to   space 174592K, 0% used [0x00000007aab00000,0x00000007aab00000,0x00000007b5580000)
 ParOldGen       total 839680K, used 336656K [0x00000005c1a00000, 0x00000005f4e00000, 0x0000000715e00000)
  object space 839680K, 40% used [0x00000005c1a00000,0x00000005d62c4258,0x00000005f4e00000)
 Metaspace       used 114975K, capacity 131128K, committed 131328K, reserved 1159168K
  class space    used 16671K, capacity 20712K, committed 20736K, reserved 1048576K
Event: 105.954 GC heap after
Heap after GC invocations=59 (full 4):
 PSYoungGen      total 2557952K, used 119697K [0x0000000715e00000, 0x00000007c0000000, 0x00000007c0000000)
  eden space 2438144K, 0% used [0x0000000715e00000,0x0000000715e00000,0x00000007aab00000)
  from space 119808K, 99% used [0x00000007aab00000,0x00000007b1fe45c0,0x00000007b2000000)
  to   space 180224K, 0% used [0x00000007b5000000,0x00000007b5000000,0x00000007c0000000)
 ParOldGen       total 839680K, used 336664K [0x00000005c1a00000, 0x00000005f4e00000, 0x0000000715e00000)
  object space 839680K, 40% used [0x00000005c1a00000,0x00000005d62c6258,0x00000005f4e00000)
 Metaspace       used 114975K, capacity 131128K, committed 131328K, reserved 1159168K
  class space    used 16671K, capacity 20712K, committed 20736K, reserved 1048576K
}
Event: 110.456 GC heap before
{Heap before GC invocations=60 (full 4):
 PSYoungGen      total 2557952K, used 2557841K [0x0000000715e00000, 0x00000007c0000000, 0x00000007c0000000)
  eden space 2438144K, 100% used [0x0000000715e00000,0x00000007aab00000,0x00000007aab00000)
  from space 119808K, 99% used [0x00000007aab00000,0x00000007b1fe45c0,0x00000007b2000000)
  to   space 180224K, 0% used [0x00000007b5000000,0x00000007b5000000,0x00000007c0000000)
 ParOldGen       total 839680K, used 336664K [0x00000005c1a00000, 0x00000005f4e00000, 0x0000000715e00000)
  object space 839680K, 40% used [0x00000005c1a00000,0x00000005d62c6258,0x00000005f4e00000)
 Metaspace       used 115013K, capacity 131204K, committed 131328K, reserved 1159168K
  class space    used 16671K, capacity 20712K, committed 20736K, reserved 1048576K
Event: 110.484 GC heap after
Heap after GC invocations=60 (full 4):
 PSYoungGen      total 2599936K, used 119994K [0x0000000715e00000, 0x00000007c0000000, 0x00000007c0000000)
  eden space 2419712K, 0% used [0x0000000715e00000,0x0000000715e00000,0x00000007a9900000)
  from space 180224K, 66% used [0x00000007b5000000,0x00000007bc52ea18,0x00000007c0000000)
  to   space 183808K, 0% used [0x00000007a9900000,0x00000007a9900000,0x00000007b4c80000)
 ParOldGen       total 839680K, used 336672K [0x00000005c1a00000, 0x00000005f4e00000, 0x0000000715e00000)
  object space 839680K, 40% used [0x00000005c1a00000,0x00000005d62c8258,0x00000005f4e00000)
 Metaspace       used 115013K, capacity 131204K, committed 131328K, reserved 1159168K
  class space    used 16671K, capacity 20712K, committed 20736K, reserved 1048576K
}

