# JRE version: OpenJDK Runtime Environment (8.0_292-b10) (build 1.8.0_292-b10)
# Java VM: OpenJDK 64-Bit Server VM (25.292-b10 mixed mode windows-amd64 compressed oops)
Heap:
 PSYoungGen      total 2672640K, used 133475K [0x0000000715e00000, 0x00000007c0000000, 0x00000007c0000000)
  eden space 2577408K, 1% used [0x0000000715e00000,0x00000007183a6910,0x00000007b3300000)
  from space 95232K, 99% used [0x00000007b3300000,0x00000007b8fb25b8,0x00000007b9000000)
  to   space 114688K, 0% used [0x00000007b9000000,0x00000007b9000000,0x00000007c0000000)
 ParOldGen       total 488960K, used 337716K [0x00000005c1a00000, 0x00000005df780000, 0x0000000715e00000)
  object space 488960K, 69% used [0x00000005c1a00000,0x00000005d63cd100,0x00000005df780000)
 Metaspace       used 109722K, capacity 124440K, committed 124696K, reserved 1155072K
  class space    used 16143K, capacity 19960K, committed 20008K, reserved 1048576K
GC Heap History (10 events):
Event: 23.865 GC heap before
{Heap before GC invocations=47 (full 3):
 PSYoungGen      total 2693120K, used 2692740K [0x0000000715e00000, 0x00000007c0000000, 0x00000007c0000000)
  eden space 2637824K, 100% used [0x0000000715e00000,0x00000007b6e00000,0x00000007b6e00000)
  from space 55296K, 99% used [0x00000007b6e00000,0x00000007ba3a1358,0x00000007ba400000)
  to   space 78336K, 0% used [0x00000007bb380000,0x00000007bb380000,0x00000007c0000000)
 ParOldGen       total 488960K, used 215921K [0x00000005c1a00000, 0x00000005df780000, 0x0000000715e00000)
  object space 488960K, 44% used [0x00000005c1a00000,0x00000005cecdc528,0x00000005df780000)
 Metaspace       used 87282K, capacity 96298K, committed 96408K, reserved 1130496K
  class space    used 12962K, capacity 15738K, committed 15784K, reserved 1048576K
Event: 23.885 GC heap after
Heap after GC invocations=47 (full 3):
 PSYoungGen      total 2704896K, used 53812K [0x0000000715e00000, 0x00000007c0000000, 0x00000007c0000000)
  eden space 2626560K, 0% used [0x0000000715e00000,0x0000000715e00000,0x00000007b6300000)
  from space 78336K, 68% used [0x00000007bb380000,0x00000007be80d350,0x00000007c0000000)
  to   space 80384K, 0% used [0x00000007b6300000,0x00000007b6300000,0x00000007bb180000)
 ParOldGen       total 488960K, used 222001K [0x00000005c1a00000, 0x00000005df780000, 0x0000000715e00000)
  object space 488960K, 45% used [0x00000005c1a00000,0x00000005cf2cc638,0x00000005df780000)
 Metaspace       used 87282K, capacity 96298K, committed 96408K, reserved 1130496K
  class space    used 12962K, capacity 15738K, committed 15784K, reserved 1048576K
}
Event: 28.177 GC heap before
{Heap before GC invocations=48 (full 3):
 PSYoungGen      total 2704896K, used 1999332K [0x0000000715e00000, 0x00000007c0000000, 0x00000007c0000000)
  eden space 2626560K, 74% used [0x0000000715e00000,0x000000078c9ebeb8,0x00000007b6300000)
  from space 78336K, 68% used [0x00000007bb380000,0x00000007be80d350,0x00000007c0000000)
  to   space 80384K, 0% used [0x00000007b6300000,0x00000007b6300000,0x00000007bb180000)
 ParOldGen       total 488960K, used 222001K [0x00000005c1a00000, 0x00000005df780000, 0x0000000715e00000)
  object space 488960K, 45% used [0x00000005c1a00000,0x00000005cf2cc638,0x00000005df780000)
 Metaspace       used 89203K, capacity 98530K, committed 98600K, reserved 1132544K
  class space    used 13195K, capacity 16024K, committed 16040K, reserved 1048576K
Event: 28.226 GC heap after
Heap after GC invocations=48 (full 3):
 PSYoungGen      total 2706944K, used 80363K [0x0000000715e00000, 0x00000007c0000000, 0x00000007c0000000)
  eden space 2626560K, 0% used [0x0000000715e00000,0x0000000715e00000,0x00000007b6300000)
  from space 80384K, 99% used [0x00000007b6300000,0x00000007bb17adc8,0x00000007bb180000)
  to   space 80384K, 0% used [0x00000007bb180000,0x00000007bb180000,0x00000007c0000000)
 ParOldGen       total 488960K, used 263643K [0x00000005c1a00000, 0x00000005df780000, 0x0000000715e00000)
  object space 488960K, 53% used [0x00000005c1a00000,0x00000005d1b76d90,0x00000005df780000)
 Metaspace       used 89203K, capacity 98530K, committed 98600K, reserved 1132544K
  class space    used 13195K, capacity 16024K, committed 16040K, reserved 1048576K
}
Event: 28.226 GC heap before
{Heap before GC invocations=49 (full 4):
 PSYoungGen      total 2706944K, used 80363K [0x0000000715e00000, 0x00000007c0000000, 0x00000007c0000000)
  eden space 2626560K, 0% used [0x0000000715e00000,0x0000000715e00000,0x00000007b6300000)
  from space 80384K, 99% used [0x00000007b6300000,0x00000007bb17adc8,0x00000007bb180000)
  to   space 80384K, 0% used [0x00000007bb180000,0x00000007bb180000,0x00000007c0000000)
 ParOldGen       total 488960K, used 263643K [0x00000005c1a00000, 0x00000005df780000, 0x0000000715e00000)
  object space 488960K, 53% used [0x00000005c1a00000,0x00000005d1b76d90,0x00000005df780000)
 Metaspace       used 89203K, capacity 98530K, committed 98600K, reserved 1132544K
  class space    used 13195K, capacity 16024K, committed 16040K, reserved 1048576K
Event: 28.905 GC heap after
Heap after GC invocations=49 (full 4):
 PSYoungGen      total 2706944K, used 0K [0x0000000715e00000, 0x00000007c0000000, 0x00000007c0000000)
  eden space 2626560K, 0% used [0x0000000715e00000,0x0000000715e00000,0x00000007b6300000)
  from space 80384K, 0% used [0x00000007b6300000,0x00000007b6300000,0x00000007bb180000)
  to   space 80384K, 0% used [0x00000007bb180000,0x00000007bb180000,0x00000007c0000000)
 ParOldGen       total 488960K, used 337647K [0x00000005c1a00000, 0x00000005df780000, 0x0000000715e00000)
  object space 488960K, 69% used [0x00000005c1a00000,0x00000005d63bbfb0,0x00000005df780000)
 Metaspace       used 89191K, capacity 98498K, committed 98600K, reserved 1132544K
  class space    used 13190K, capacity 16016K, committed 16040K, reserved 1048576K
}
Event: 41.252 GC heap before
{Heap before GC invocations=50 (full 4):
 PSYoungGen      total 2706944K, used 2626560K [0x0000000715e00000, 0x00000007c0000000, 0x00000007c0000000)
  eden space 2626560K, 100% used [0x0000000715e00000,0x00000007b6300000,0x00000007b6300000)
  from space 80384K, 0% used [0x00000007b6300000,0x00000007b6300000,0x00000007bb180000)
  to   space 80384K, 0% used [0x00000007bb180000,0x00000007bb180000,0x00000007c0000000)
 ParOldGen       total 488960K, used 337668K [0x00000005c1a00000, 0x00000005df780000, 0x0000000715e00000)
  object space 488960K, 69% used [0x00000005c1a00000,0x00000005d63c1100,0x00000005df780000)
 Metaspace       used 96427K, capacity 108566K, committed 108696K, reserved 1140736K
  class space    used 14403K, capacity 17778K, committed 17832K, reserved 1048576K
Event: 41.264 GC heap after
Heap after GC invocations=50 (full 4):
 PSYoungGen      total 2657792K, used 25804K [0x0000000715e00000, 0x00000007c0000000, 0x00000007c0000000)
  eden space 2577408K, 0% used [0x0000000715e00000,0x0000000715e00000,0x00000007b3300000)
  from space 80384K, 32% used [0x00000007bb180000,0x00000007bcab3120,0x00000007c0000000)
  to   space 104960K, 0% used [0x00000007b3300000,0x00000007b3300000,0x00000007b9980000)
 ParOldGen       total 488960K, used 337684K [0x00000005c1a00000, 0x00000005df780000, 0x0000000715e00000)
  object space 488960K, 69% used [0x00000005c1a00000,0x00000005d63c5100,0x00000005df780000)
 Metaspace       used 96427K, capacity 108566K, committed 108696K, reserved 1140736K
  class space    used 14403K, capacity 17778K, committed 17832K, reserved 1048576K
}
Event: 51.956 GC heap before
{Heap before GC invocations=51 (full 4):
 PSYoungGen      total 2657792K, used 2603212K [0x0000000715e00000, 0x00000007c0000000, 0x00000007c0000000)
  eden space 2577408K, 100% used [0x0000000715e00000,0x00000007b3300000,0x00000007b3300000)
  from space 80384K, 32% used [0x00000007bb180000,0x00000007bcab3120,0x00000007c0000000)
  to   space 104960K, 0% used [0x00000007b3300000,0x00000007b3300000,0x00000007b9980000)
 ParOldGen       total 488960K, used 337684K [0x00000005c1a00000, 0x00000005df780000, 0x0000000715e00000)
  object space 488960K, 69% used [0x00000005c1a00000,0x00000005d63c5100,0x00000005df780000)
 Metaspace       used 109680K, capacity 124376K, committed 124440K, reserved 1153024K
  class space    used 16141K, capacity 19960K, committed 20008K, reserved 1048576K
Event: 51.992 GC heap after
Heap after GC invocations=51 (full 4):
 PSYoungGen      total 2672640K, used 94921K [0x0000000715e00000, 0x00000007c0000000, 0x00000007c0000000)
  eden space 2577408K, 0% used [0x0000000715e00000,0x0000000715e00000,0x00000007b3300000)
  from space 95232K, 99% used [0x00000007b3300000,0x00000007b8fb25b8,0x00000007b9000000)
  to   space 114688K, 0% used [0x00000007b9000000,0x00000007b9000000,0x00000007c0000000)
 ParOldGen       total 488960K, used 337716K [0x00000005c1a00000, 0x00000005df780000, 0x0000000715e00000)
  object space 488960K, 69% used [0x00000005c1a00000,0x00000005d63cd100,0x00000005df780000)
 Metaspace       used 109680K, capacity 124376K, committed 124440K, reserved 1153024K
  class space    used 16141K, capacity 19960K, committed 20008K, reserved 1048576K
}

