# JRE version: OpenJDK Runtime Environment (8.0_292-b10) (build 1.8.0_292-b10)
# Java VM: OpenJDK 64-Bit Server VM (25.292-b10 mixed mode windows-amd64 compressed oops)
Heap:
 PSYoungGen      total 2707456K, used 843295K [0x0000000715e00000, 0x00000007c0000000, 0x00000007c0000000)
  eden space 2641920K, 29% used [0x0000000715e00000,0x0000000745b8b300,0x00000007b7200000)
  from space 65536K, 90% used [0x00000007bc000000,0x00000007bf9fc920,0x00000007c0000000)
  to   space 72704K, 0% used [0x00000007b7200000,0x00000007b7200000,0x00000007bb900000)
 ParOldGen       total 477696K, used 201753K [0x00000005c1a00000, 0x00000005dec80000, 0x0000000715e00000)
  object space 477696K, 42% used [0x00000005c1a00000,0x00000005cdf06548,0x00000005dec80000)
 Metaspace       used 87196K, capacity 96190K, committed 96424K, reserved 1130496K
  class space    used 12958K, capacity 15731K, committed 15784K, reserved 1048576K
GC Heap History (10 events):
Event: 19.291 GC heap before
{Heap before GC invocations=37 (full 3):
 PSYoungGen      total 2715648K, used 2715161K [0x0000000715e00000, 0x00000007c0000000, 0x00000007c0000000)
  eden space 2676736K, 100% used [0x0000000715e00000,0x00000007b9400000,0x00000007b9400000)
  from space 38912K, 98% used [0x00000007b9400000,0x00000007bb9866c8,0x00000007bba00000)
  to   space 57344K, 0% used [0x00000007bc800000,0x00000007bc800000,0x00000007c0000000)
 ParOldGen       total 477696K, used 183537K [0x00000005c1a00000, 0x00000005dec80000, 0x0000000715e00000)
  object space 477696K, 38% used [0x00000005c1a00000,0x00000005ccd3c7d0,0x00000005dec80000)
 Metaspace       used 81826K, capacity 89932K, committed 90152K, reserved 1124352K
  class space    used 12223K, capacity 14776K, committed 14888K, reserved 1048576K
Event: 19.303 GC heap after
Heap after GC invocations=37 (full 3):
 PSYoungGen      total 2723840K, used 41831K [0x0000000715e00000, 0x00000007c0000000, 0x00000007c0000000)
  eden space 2666496K, 0% used [0x0000000715e00000,0x0000000715e00000,0x00000007b8a00000)
  from space 57344K, 72% used [0x00000007bc800000,0x00000007bf0d9c50,0x00000007c0000000)
  to   space 60416K, 0% used [0x00000007b8a00000,0x00000007b8a00000,0x00000007bc500000)
 ParOldGen       total 477696K, used 184202K [0x00000005c1a00000, 0x00000005dec80000, 0x0000000715e00000)
  object space 477696K, 38% used [0x00000005c1a00000,0x00000005ccde2950,0x00000005dec80000)
 Metaspace       used 81826K, capacity 89932K, committed 90152K, reserved 1124352K
  class space    used 12223K, capacity 14776K, committed 14888K, reserved 1048576K
}
Event: 19.694 GC heap before
{Heap before GC invocations=38 (full 3):
 PSYoungGen      total 2723840K, used 2708327K [0x0000000715e00000, 0x00000007c0000000, 0x00000007c0000000)
  eden space 2666496K, 100% used [0x0000000715e00000,0x00000007b8a00000,0x00000007b8a00000)
  from space 57344K, 72% used [0x00000007bc800000,0x00000007bf0d9c50,0x00000007c0000000)
  to   space 60416K, 0% used [0x00000007b8a00000,0x00000007b8a00000,0x00000007bc500000)
 ParOldGen       total 477696K, used 184202K [0x00000005c1a00000, 0x00000005dec80000, 0x0000000715e00000)
  object space 477696K, 38% used [0x00000005c1a00000,0x00000005ccde2950,0x00000005dec80000)
 Metaspace       used 82913K, capacity 91270K, committed 91432K, reserved 1126400K
  class space    used 12428K, capacity 15035K, committed 15144K, reserved 1048576K
Event: 19.708 GC heap after
Heap after GC invocations=38 (full 3):
 PSYoungGen      total 2707968K, used 41173K [0x0000000715e00000, 0x00000007c0000000, 0x00000007c0000000)
  eden space 2666496K, 0% used [0x0000000715e00000,0x0000000715e00000,0x00000007b8a00000)
  from space 41472K, 99% used [0x00000007b8a00000,0x00000007bb235608,0x00000007bb280000)
  to   space 62464K, 0% used [0x00000007bc300000,0x00000007bc300000,0x00000007c0000000)
 ParOldGen       total 477696K, used 185795K [0x00000005c1a00000, 0x00000005dec80000, 0x0000000715e00000)
  object space 477696K, 38% used [0x00000005c1a00000,0x00000005ccf70c48,0x00000005dec80000)
 Metaspace       used 82913K, capacity 91270K, committed 91432K, reserved 1126400K
  class space    used 12428K, capacity 15035K, committed 15144K, reserved 1048576K
}
Event: 20.496 GC heap before
{Heap before GC invocations=39 (full 3):
 PSYoungGen      total 2707968K, used 2707669K [0x0000000715e00000, 0x00000007c0000000, 0x00000007c0000000)
  eden space 2666496K, 100% used [0x0000000715e00000,0x00000007b8a00000,0x00000007b8a00000)
  from space 41472K, 99% used [0x00000007b8a00000,0x00000007bb235608,0x00000007bb280000)
  to   space 62464K, 0% used [0x00000007bc300000,0x00000007bc300000,0x00000007c0000000)
 ParOldGen       total 477696K, used 185795K [0x00000005c1a00000, 0x00000005dec80000, 0x0000000715e00000)
  object space 477696K, 38% used [0x00000005c1a00000,0x00000005ccf70c48,0x00000005dec80000)
 Metaspace       used 84253K, capacity 92882K, committed 92968K, reserved 1126400K
  class space    used 12665K, capacity 15367K, committed 15400K, reserved 1048576K
Event: 20.527 GC heap after
Heap after GC invocations=39 (full 3):
 PSYoungGen      total 2726912K, used 31166K [0x0000000715e00000, 0x00000007c0000000, 0x00000007c0000000)
  eden space 2664448K, 0% used [0x0000000715e00000,0x0000000715e00000,0x00000007b8800000)
  from space 62464K, 49% used [0x00000007bc300000,0x00000007be16fa00,0x00000007c0000000)
  to   space 60416K, 0% used [0x00000007b8800000,0x00000007b8800000,0x00000007bc300000)
 ParOldGen       total 477696K, used 200222K [0x00000005c1a00000, 0x00000005dec80000, 0x0000000715e00000)
  object space 477696K, 41% used [0x00000005c1a00000,0x00000005cdd879e0,0x00000005dec80000)
 Metaspace       used 84253K, capacity 92882K, committed 92968K, reserved 1126400K
  class space    used 12665K, capacity 15367K, committed 15400K, reserved 1048576K
}
Event: 21.219 GC heap before
{Heap before GC invocations=40 (full 3):
 PSYoungGen      total 2726912K, used 2695614K [0x0000000715e00000, 0x00000007c0000000, 0x00000007c0000000)
  eden space 2664448K, 100% used [0x0000000715e00000,0x00000007b8800000,0x00000007b8800000)
  from space 62464K, 49% used [0x00000007bc300000,0x00000007be16fa00,0x00000007c0000000)
  to   space 60416K, 0% used [0x00000007b8800000,0x00000007b8800000,0x00000007bc300000)
 ParOldGen       total 477696K, used 200222K [0x00000005c1a00000, 0x00000005dec80000, 0x0000000715e00000)
  object space 477696K, 41% used [0x00000005c1a00000,0x00000005cdd879e0,0x00000005dec80000)
 Metaspace       used 86592K, capacity 95418K, committed 95528K, reserved 1128448K
  class space    used 12877K, capacity 15617K, committed 15656K, reserved 1048576K
Event: 21.237 GC heap after
Heap after GC invocations=40 (full 3):
 PSYoungGen      total 2715648K, used 51086K [0x0000000715e00000, 0x00000007c0000000, 0x00000007c0000000)
  eden space 2664448K, 0% used [0x0000000715e00000,0x0000000715e00000,0x00000007b8800000)
  from space 51200K, 99% used [0x00000007b8800000,0x00000007bb9e3908,0x00000007bba00000)
  to   space 65536K, 0% used [0x00000007bc000000,0x00000007bc000000,0x00000007c0000000)
 ParOldGen       total 477696K, used 200808K [0x00000005c1a00000, 0x00000005dec80000, 0x0000000715e00000)
  object space 477696K, 42% used [0x00000005c1a00000,0x00000005cde1a310,0x00000005dec80000)
 Metaspace       used 86592K, capacity 95418K, committed 95528K, reserved 1128448K
  class space    used 12877K, capacity 15617K, committed 15656K, reserved 1048576K
}
Event: 21.833 GC heap before
{Heap before GC invocations=41 (full 3):
 PSYoungGen      total 2715648K, used 2715534K [0x0000000715e00000, 0x00000007c0000000, 0x00000007c0000000)
  eden space 2664448K, 100% used [0x0000000715e00000,0x00000007b8800000,0x00000007b8800000)
  from space 51200K, 99% used [0x00000007b8800000,0x00000007bb9e3908,0x00000007bba00000)
  to   space 65536K, 0% used [0x00000007bc000000,0x00000007bc000000,0x00000007c0000000)
 ParOldGen       total 477696K, used 200808K [0x00000005c1a00000, 0x00000005dec80000, 0x0000000715e00000)
  object space 477696K, 42% used [0x00000005c1a00000,0x00000005cde1a310,0x00000005dec80000)
 Metaspace       used 87158K, capacity 96126K, committed 96424K, reserved 1130496K
  class space    used 12953K, capacity 15731K, committed 15784K, reserved 1048576K
Event: 21.871 GC heap after
Heap after GC invocations=41 (full 3):
 PSYoungGen      total 2707456K, used 59378K [0x0000000715e00000, 0x00000007c0000000, 0x00000007c0000000)
  eden space 2641920K, 0% used [0x0000000715e00000,0x0000000715e00000,0x00000007b7200000)
  from space 65536K, 90% used [0x00000007bc000000,0x00000007bf9fc920,0x00000007c0000000)
  to   space 72704K, 0% used [0x00000007b7200000,0x00000007b7200000,0x00000007bb900000)
 ParOldGen       total 477696K, used 201753K [0x00000005c1a00000, 0x00000005dec80000, 0x0000000715e00000)
  object space 477696K, 42% used [0x00000005c1a00000,0x00000005cdf06548,0x00000005dec80000)
 Metaspace       used 87158K, capacity 96126K, committed 96424K, reserved 1130496K
  class space    used 12953K, capacity 15731K, committed 15784K, reserved 1048576K
}

