# JRE version: OpenJDK Runtime Environment (8.0_292-b10) (build 1.8.0_292-b10)
# Java VM: OpenJDK 64-Bit Server VM (25.292-b10 mixed mode windows-amd64 compressed oops)
Heap:
 PSYoungGen      total 2718720K, used 1331064K [0x0000000715e00000, 0x00000007c0000000, 0x00000007c0000000)
  eden space 2664448K, 47% used [0x0000000715e00000,0x0000000763cdfd90,0x00000007b8800000)
  from space 54272K, 99% used [0x00000007b8800000,0x00000007bbcfe400,0x00000007bbd00000)
  to   space 67584K, 0% used [0x00000007bbe00000,0x00000007bbe00000,0x00000007c0000000)
 ParOldGen       total 491520K, used 206615K [0x00000005c1a00000, 0x00000005dfa00000, 0x0000000715e00000)
  object space 491520K, 42% used [0x00000005c1a00000,0x00000005ce3c5fa0,0x00000005dfa00000)
 Metaspace       used 87191K, capacity 96122K, committed 96408K, reserved 1130496K
  class space    used 12960K, capacity 15736K, committed 15784K, reserved 1048576K
GC Heap History (10 events):
Event: 20.421 GC heap before
{Heap before GC invocations=36 (full 3):
 PSYoungGen      total 2732032K, used 2714904K [0x0000000715e00000, 0x00000007c0000000, 0x00000007c0000000)
  eden space 2679808K, 100% used [0x0000000715e00000,0x00000007b9700000,0x00000007b9700000)
  from space 52224K, 67% used [0x00000007bcd00000,0x00000007bef46030,0x00000007c0000000)
  to   space 53760K, 0% used [0x00000007b9700000,0x00000007b9700000,0x00000007bcb80000)
 ParOldGen       total 491520K, used 189021K [0x00000005c1a00000, 0x00000005dfa00000, 0x0000000715e00000)
  object space 491520K, 38% used [0x00000005c1a00000,0x00000005cd297430,0x00000005dfa00000)
 Metaspace       used 81014K, capacity 88934K, committed 89112K, reserved 1124352K
  class space    used 12125K, capacity 14632K, committed 14632K, reserved 1048576K
Event: 20.434 GC heap after
Heap after GC invocations=36 (full 3):
 PSYoungGen      total 2718720K, used 38751K [0x0000000715e00000, 0x00000007c0000000, 0x00000007c0000000)
  eden space 2679808K, 0% used [0x0000000715e00000,0x0000000715e00000,0x00000007b9700000)
  from space 38912K, 99% used [0x00000007b9700000,0x00000007bbcd7e60,0x00000007bbd00000)
  to   space 56320K, 0% used [0x00000007bc900000,0x00000007bc900000,0x00000007c0000000)
 ParOldGen       total 491520K, used 189669K [0x00000005c1a00000, 0x00000005dfa00000, 0x0000000715e00000)
  object space 491520K, 38% used [0x00000005c1a00000,0x00000005cd3395b0,0x00000005dfa00000)
 Metaspace       used 81014K, capacity 88934K, committed 89112K, reserved 1124352K
  class space    used 12125K, capacity 14632K, committed 14632K, reserved 1048576K
}
Event: 20.912 GC heap before
{Heap before GC invocations=37 (full 3):
 PSYoungGen      total 2718720K, used 2718559K [0x0000000715e00000, 0x00000007c0000000, 0x00000007c0000000)
  eden space 2679808K, 100% used [0x0000000715e00000,0x00000007b9700000,0x00000007b9700000)
  from space 38912K, 99% used [0x00000007b9700000,0x00000007bbcd7e60,0x00000007bbd00000)
  to   space 56320K, 0% used [0x00000007bc900000,0x00000007bc900000,0x00000007c0000000)
 ParOldGen       total 491520K, used 189669K [0x00000005c1a00000, 0x00000005dfa00000, 0x0000000715e00000)
  object space 491520K, 38% used [0x00000005c1a00000,0x00000005cd3395b0,0x00000005dfa00000)
 Metaspace       used 82042K, capacity 90152K, committed 90392K, reserved 1124352K
  class space    used 12285K, capacity 14843K, committed 14888K, reserved 1048576K
Event: 20.925 GC heap after
Heap after GC invocations=37 (full 3):
 PSYoungGen      total 2723840K, used 41843K [0x0000000715e00000, 0x00000007c0000000, 0x00000007c0000000)
  eden space 2667520K, 0% used [0x0000000715e00000,0x0000000715e00000,0x00000007b8b00000)
  from space 56320K, 74% used [0x00000007bc900000,0x00000007bf1dcf00,0x00000007c0000000)
  to   space 59904K, 0% used [0x00000007b8b00000,0x00000007b8b00000,0x00000007bc580000)
 ParOldGen       total 491520K, used 190153K [0x00000005c1a00000, 0x00000005dfa00000, 0x0000000715e00000)
  object space 491520K, 38% used [0x00000005c1a00000,0x00000005cd3b27c8,0x00000005dfa00000)
 Metaspace       used 82042K, capacity 90152K, committed 90392K, reserved 1124352K
  class space    used 12285K, capacity 14843K, committed 14888K, reserved 1048576K
}
Event: 21.452 GC heap before
{Heap before GC invocations=38 (full 3):
 PSYoungGen      total 2723840K, used 2709363K [0x0000000715e00000, 0x00000007c0000000, 0x00000007c0000000)
  eden space 2667520K, 100% used [0x0000000715e00000,0x00000007b8b00000,0x00000007b8b00000)
  from space 56320K, 74% used [0x00000007bc900000,0x00000007bf1dcf00,0x00000007c0000000)
  to   space 59904K, 0% used [0x00000007b8b00000,0x00000007b8b00000,0x00000007bc580000)
 ParOldGen       total 491520K, used 190153K [0x00000005c1a00000, 0x00000005dfa00000, 0x0000000715e00000)
  object space 491520K, 38% used [0x00000005c1a00000,0x00000005cd3b27c8,0x00000005dfa00000)
 Metaspace       used 83716K, capacity 92248K, committed 92312K, reserved 1126400K
  class space    used 12591K, capacity 15249K, committed 15272K, reserved 1048576K
Event: 21.471 GC heap after
Heap after GC invocations=38 (full 3):
 PSYoungGen      total 2727424K, used 33053K [0x0000000715e00000, 0x00000007c0000000, 0x00000007c0000000)
  eden space 2667520K, 0% used [0x0000000715e00000,0x0000000715e00000,0x00000007b8b00000)
  from space 59904K, 55% used [0x00000007b8b00000,0x00000007bab47420,0x00000007bc580000)
  to   space 58880K, 0% used [0x00000007bc680000,0x00000007bc680000,0x00000007c0000000)
 ParOldGen       total 491520K, used 201986K [0x00000005c1a00000, 0x00000005dfa00000, 0x0000000715e00000)
  object space 491520K, 41% used [0x00000005c1a00000,0x00000005cdf408c8,0x00000005dfa00000)
 Metaspace       used 83716K, capacity 92248K, committed 92312K, reserved 1126400K
  class space    used 12591K, capacity 15249K, committed 15272K, reserved 1048576K
}
Event: 22.230 GC heap before
{Heap before GC invocations=39 (full 3):
 PSYoungGen      total 2727424K, used 2700573K [0x0000000715e00000, 0x00000007c0000000, 0x00000007c0000000)
  eden space 2667520K, 100% used [0x0000000715e00000,0x00000007b8b00000,0x00000007b8b00000)
  from space 59904K, 55% used [0x00000007b8b00000,0x00000007bab47420,0x00000007bc580000)
  to   space 58880K, 0% used [0x00000007bc680000,0x00000007bc680000,0x00000007c0000000)
 ParOldGen       total 491520K, used 201986K [0x00000005c1a00000, 0x00000005dfa00000, 0x0000000715e00000)
  object space 491520K, 41% used [0x00000005c1a00000,0x00000005cdf408c8,0x00000005dfa00000)
 Metaspace       used 85488K, capacity 94114K, committed 94360K, reserved 1128448K
  class space    used 12758K, capacity 15478K, committed 15528K, reserved 1048576K
Event: 22.251 GC heap after
Heap after GC invocations=39 (full 3):
 PSYoungGen      total 2723328K, used 42503K [0x0000000715e00000, 0x00000007c0000000, 0x00000007c0000000)
  eden space 2664448K, 0% used [0x0000000715e00000,0x0000000715e00000,0x00000007b8800000)
  from space 58880K, 72% used [0x00000007bc680000,0x00000007bf001f88,0x00000007c0000000)
  to   space 61440K, 0% used [0x00000007b8800000,0x00000007b8800000,0x00000007bc400000)
 ParOldGen       total 491520K, used 206073K [0x00000005c1a00000, 0x00000005dfa00000, 0x0000000715e00000)
  object space 491520K, 41% used [0x00000005c1a00000,0x00000005ce33e660,0x00000005dfa00000)
 Metaspace       used 85488K, capacity 94114K, committed 94360K, reserved 1128448K
  class space    used 12758K, capacity 15478K, committed 15528K, reserved 1048576K
}
Event: 23.011 GC heap before
{Heap before GC invocations=40 (full 3):
 PSYoungGen      total 2723328K, used 2706951K [0x0000000715e00000, 0x00000007c0000000, 0x00000007c0000000)
  eden space 2664448K, 100% used [0x0000000715e00000,0x00000007b8800000,0x00000007b8800000)
  from space 58880K, 72% used [0x00000007bc680000,0x00000007bf001f88,0x00000007c0000000)
  to   space 61440K, 0% used [0x00000007b8800000,0x00000007b8800000,0x00000007bc400000)
 ParOldGen       total 491520K, used 206073K [0x00000005c1a00000, 0x00000005dfa00000, 0x0000000715e00000)
  object space 491520K, 41% used [0x00000005c1a00000,0x00000005ce33e660,0x00000005dfa00000)
 Metaspace       used 87148K, capacity 96052K, committed 96152K, reserved 1130496K
  class space    used 12959K, capacity 15735K, committed 15784K, reserved 1048576K
Event: 23.036 GC heap after
Heap after GC invocations=40 (full 3):
 PSYoungGen      total 2718720K, used 54265K [0x0000000715e00000, 0x00000007c0000000, 0x00000007c0000000)
  eden space 2664448K, 0% used [0x0000000715e00000,0x0000000715e00000,0x00000007b8800000)
  from space 54272K, 99% used [0x00000007b8800000,0x00000007bbcfe400,0x00000007bbd00000)
  to   space 67584K, 0% used [0x00000007bbe00000,0x00000007bbe00000,0x00000007c0000000)
 ParOldGen       total 491520K, used 206615K [0x00000005c1a00000, 0x00000005dfa00000, 0x0000000715e00000)
  object space 491520K, 42% used [0x00000005c1a00000,0x00000005ce3c5fa0,0x00000005dfa00000)
 Metaspace       used 87148K, capacity 96052K, committed 96152K, reserved 1130496K
  class space    used 12959K, capacity 15735K, committed 15784K, reserved 1048576K
}

