# JRE version: OpenJDK Runtime Environment (8.0_292-b10) (build 1.8.0_292-b10)
# Java VM: OpenJDK 64-Bit Server VM (25.292-b10 mixed mode windows-amd64 compressed oops)
Heap:
 PSYoungGen      total 2665472K, used 1563942K [0x0000000715e00000, 0x00000007bfe80000, 0x00000007c0000000)
  eden space 2547200K, 58% used [0x0000000715e00000,0x0000000771036c18,0x00000007b1580000)
  from space 118272K, 59% used [0x00000007b8b00000,0x00000007bd012e20,0x00000007bfe80000)
  to   space 119296K, 0% used [0x00000007b1580000,0x00000007b1580000,0x00000007b8a00000)
 ParOldGen       total 750592K, used 338068K [0x00000005c1a00000, 0x00000005ef700000, 0x0000000715e00000)
  object space 750592K, 45% used [0x00000005c1a00000,0x00000005d64253f8,0x00000005ef700000)
 Metaspace       used 113531K, capacity 129178K, committed 129352K, reserved 1159168K
  class space    used 16553K, capacity 20499K, committed 20596K, reserved 1048576K
GC Heap History (10 events):
Event: 25.325 GC heap before
{Heap before GC invocations=46 (full 3):
 PSYoungGen      total 2688000K, used 2658714K [0x0000000715e00000, 0x00000007c0000000, 0x00000007c0000000)
  eden space 2592768K, 100% used [0x0000000715e00000,0x00000007b4200000,0x00000007b4200000)
  from space 95232K, 69% used [0x00000007ba300000,0x00000007be366988,0x00000007c0000000)
  to   space 97280K, 0% used [0x00000007b4200000,0x00000007b4200000,0x00000007ba100000)
 ParOldGen       total 470016K, used 227660K [0x00000005c1a00000, 0x00000005de500000, 0x0000000715e00000)
  object space 470016K, 48% used [0x00000005c1a00000,0x00000005cf8533f0,0x00000005de500000)
 Metaspace       used 87377K, capacity 96464K, committed 96756K, reserved 1130496K
  class space    used 12971K, capacity 15739K, committed 15860K, reserved 1048576K
Event: 25.347 GC heap after
Heap after GC invocations=46 (full 3):
 PSYoungGen      total 2656256K, used 63018K [0x0000000715e00000, 0x00000007c0000000, 0x00000007c0000000)
  eden space 2592768K, 0% used [0x0000000715e00000,0x0000000715e00000,0x00000007b4200000)
  from space 63488K, 99% used [0x00000007b4200000,0x00000007b7f8a878,0x00000007b8000000)
  to   space 98304K, 0% used [0x00000007ba000000,0x00000007ba000000,0x00000007c0000000)
 ParOldGen       total 470016K, used 232597K [0x00000005c1a00000, 0x00000005de500000, 0x0000000715e00000)
  object space 470016K, 49% used [0x00000005c1a00000,0x00000005cfd25748,0x00000005de500000)
 Metaspace       used 87377K, capacity 96464K, committed 96756K, reserved 1130496K
  class space    used 12971K, capacity 15739K, committed 15860K, reserved 1048576K
}
Event: 30.737 GC heap before
{Heap before GC invocations=47 (full 3):
 PSYoungGen      total 2656256K, used 1826720K [0x0000000715e00000, 0x00000007c0000000, 0x00000007c0000000)
  eden space 2592768K, 68% used [0x0000000715e00000,0x000000078185d818,0x00000007b4200000)
  from space 63488K, 99% used [0x00000007b4200000,0x00000007b7f8a878,0x00000007b8000000)
  to   space 98304K, 0% used [0x00000007ba000000,0x00000007ba000000,0x00000007c0000000)
 ParOldGen       total 470016K, used 232597K [0x00000005c1a00000, 0x00000005de500000, 0x0000000715e00000)
  object space 470016K, 49% used [0x00000005c1a00000,0x00000005cfd25748,0x00000005de500000)
 Metaspace       used 89857K, capacity 99432K, committed 99528K, reserved 1132544K
  class space    used 13275K, capacity 16109K, committed 16116K, reserved 1048576K
Event: 30.783 GC heap after
Heap after GC invocations=47 (full 3):
 PSYoungGen      total 2644992K, used 98281K [0x0000000715e00000, 0x00000007c0000000, 0x00000007c0000000)
  eden space 2546688K, 0% used [0x0000000715e00000,0x0000000715e00000,0x00000007b1500000)
  from space 98304K, 99% used [0x00000007ba000000,0x00000007bfffa5f0,0x00000007c0000000)
  to   space 120320K, 0% used [0x00000007b1500000,0x00000007b1500000,0x00000007b8a80000)
 ParOldGen       total 470016K, used 256984K [0x00000005c1a00000, 0x00000005de500000, 0x0000000715e00000)
  object space 470016K, 54% used [0x00000005c1a00000,0x00000005d14f6170,0x00000005de500000)
 Metaspace       used 89857K, capacity 99432K, committed 99528K, reserved 1132544K
  class space    used 13275K, capacity 16109K, committed 16116K, reserved 1048576K
}
Event: 30.783 GC heap before
{Heap before GC invocations=48 (full 4):
 PSYoungGen      total 2644992K, used 98281K [0x0000000715e00000, 0x00000007c0000000, 0x00000007c0000000)
  eden space 2546688K, 0% used [0x0000000715e00000,0x0000000715e00000,0x00000007b1500000)
  from space 98304K, 99% used [0x00000007ba000000,0x00000007bfffa5f0,0x00000007c0000000)
  to   space 120320K, 0% used [0x00000007b1500000,0x00000007b1500000,0x00000007b8a80000)
 ParOldGen       total 470016K, used 256984K [0x00000005c1a00000, 0x00000005de500000, 0x0000000715e00000)
  object space 470016K, 54% used [0x00000005c1a00000,0x00000005d14f6170,0x00000005de500000)
 Metaspace       used 89857K, capacity 99432K, committed 99528K, reserved 1132544K
  class space    used 13275K, capacity 16109K, committed 16116K, reserved 1048576K
Event: 31.412 GC heap after
Heap after GC invocations=48 (full 4):
 PSYoungGen      total 2644992K, used 0K [0x0000000715e00000, 0x00000007c0000000, 0x00000007c0000000)
  eden space 2546688K, 0% used [0x0000000715e00000,0x0000000715e00000,0x00000007b1500000)
  from space 98304K, 0% used [0x00000007ba000000,0x00000007ba000000,0x00000007c0000000)
  to   space 120320K, 0% used [0x00000007b1500000,0x00000007b1500000,0x00000007b8a80000)
 ParOldGen       total 750592K, used 338038K [0x00000005c1a00000, 0x00000005ef700000, 0x0000000715e00000)
  object space 750592K, 45% used [0x00000005c1a00000,0x00000005d641d960,0x00000005ef700000)
 Metaspace       used 89854K, capacity 99424K, committed 99528K, reserved 1132544K
  class space    used 13274K, capacity 16107K, committed 16116K, reserved 1048576K
}
Event: 42.100 GC heap before
{Heap before GC invocations=49 (full 4):
 PSYoungGen      total 2644992K, used 2546688K [0x0000000715e00000, 0x00000007c0000000, 0x00000007c0000000)
  eden space 2546688K, 100% used [0x0000000715e00000,0x00000007b1500000,0x00000007b1500000)
  from space 98304K, 0% used [0x00000007ba000000,0x00000007ba000000,0x00000007c0000000)
  to   space 120320K, 0% used [0x00000007b1500000,0x00000007b1500000,0x00000007b8a80000)
 ParOldGen       total 750592K, used 338044K [0x00000005c1a00000, 0x00000005ef700000, 0x0000000715e00000)
  object space 750592K, 45% used [0x00000005c1a00000,0x00000005d641f3f8,0x00000005ef700000)
 Metaspace       used 96462K, capacity 108606K, committed 108616K, reserved 1140736K
  class space    used 14403K, capacity 17776K, committed 17780K, reserved 1048576K
Event: 42.112 GC heap after
Heap after GC invocations=49 (full 4):
 PSYoungGen      total 2667008K, used 24051K [0x0000000715e00000, 0x00000007c0000000, 0x00000007c0000000)
  eden space 2546688K, 0% used [0x0000000715e00000,0x0000000715e00000,0x00000007b1500000)
  from space 120320K, 19% used [0x00000007b1500000,0x00000007b2c7cd00,0x00000007b8a80000)
  to   space 119808K, 0% used [0x00000007b8b00000,0x00000007b8b00000,0x00000007c0000000)
 ParOldGen       total 750592K, used 338052K [0x00000005c1a00000, 0x00000005ef700000, 0x0000000715e00000)
  object space 750592K, 45% used [0x00000005c1a00000,0x00000005d64213f8,0x00000005ef700000)
 Metaspace       used 96462K, capacity 108606K, committed 108616K, reserved 1140736K
  class space    used 14403K, capacity 17776K, committed 17780K, reserved 1048576K
}
Event: 52.744 GC heap before
{Heap before GC invocations=50 (full 4):
 PSYoungGen      total 2667008K, used 2570739K [0x0000000715e00000, 0x00000007c0000000, 0x00000007c0000000)
  eden space 2546688K, 100% used [0x0000000715e00000,0x00000007b1500000,0x00000007b1500000)
  from space 120320K, 19% used [0x00000007b1500000,0x00000007b2c7cd00,0x00000007b8a80000)
  to   space 119808K, 0% used [0x00000007b8b00000,0x00000007b8b00000,0x00000007c0000000)
 ParOldGen       total 750592K, used 338052K [0x00000005c1a00000, 0x00000005ef700000, 0x0000000715e00000)
  object space 750592K, 45% used [0x00000005c1a00000,0x00000005d64213f8,0x00000005ef700000)
 Metaspace       used 108796K, capacity 123358K, committed 123464K, reserved 1153024K
  class space    used 16037K, capacity 19807K, committed 19828K, reserved 1048576K
Event: 52.770 GC heap after
Heap after GC invocations=50 (full 4):
 PSYoungGen      total 2665472K, used 70731K [0x0000000715e00000, 0x00000007bfe80000, 0x00000007c0000000)
  eden space 2547200K, 0% used [0x0000000715e00000,0x0000000715e00000,0x00000007b1580000)
  from space 118272K, 59% used [0x00000007b8b00000,0x00000007bd012e20,0x00000007bfe80000)
  to   space 119296K, 0% used [0x00000007b1580000,0x00000007b1580000,0x00000007b8a00000)
 ParOldGen       total 750592K, used 338068K [0x00000005c1a00000, 0x00000005ef700000, 0x0000000715e00000)
  object space 750592K, 45% used [0x00000005c1a00000,0x00000005d64253f8,0x00000005ef700000)
 Metaspace       used 108796K, capacity 123358K, committed 123464K, reserved 1153024K
  class space    used 16037K, capacity 19807K, committed 19828K, reserved 1048576K
}

