# JRE version: OpenJDK Runtime Environment (8.0_292-b10) (build 1.8.0_292-b10)
# Java VM: OpenJDK 64-Bit Server VM (25.292-b10 mixed mode windows-amd64 compressed oops)
Heap:
 PSYoungGen      total 2178560K, used 578526K [0x0000000715e00000, 0x00000007b1700000, 0x00000007c0000000)
  eden space 2106880K, 27% used [0x0000000715e00000,0x000000073900d848,0x0000000796780000)
  from space 71680K, 4% used [0x0000000796780000,0x0000000796a6a190,0x000000079ad80000)
  to   space 69120K, 0% used [0x00000007ad380000,0x00000007ad380000,0x00000007b1700000)
 ParOldGen       total 499712K, used 181576K [0x00000005c1a00000, 0x00000005e0200000, 0x0000000715e00000)
  object space 499712K, 36% used [0x00000005c1a00000,0x00000005ccb523b8,0x00000005e0200000)
 Metaspace       used 61918K, capacity 67730K, committed 67956K, reserved 1107968K
  class space    used 8777K, capacity 10328K, committed 10356K, reserved 1048576K
GC Heap History (10 events):
Event: 10.494 GC heap before
{Heap before GC invocations=16 (full 3):
 PSYoungGen      total 1393664K, used 1320576K [0x0000000715e00000, 0x0000000771300000, 0x00000007c0000000)
  eden space 1317888K, 100% used [0x0000000715e00000,0x0000000766500000,0x0000000766500000)
  from space 75776K, 3% used [0x000000076af80000,0x000000076b220010,0x000000076f980000)
  to   space 76288K, 0% used [0x0000000766500000,0x0000000766500000,0x000000076af80000)
 ParOldGen       total 499712K, used 176570K [0x00000005c1a00000, 0x00000005e0200000, 0x0000000715e00000)
  object space 499712K, 35% used [0x00000005c1a00000,0x00000005cc66e950,0x00000005e0200000)
 Metaspace       used 58267K, capacity 63706K, committed 63860K, reserved 1103872K
  class space    used 8091K, capacity 9485K, committed 9588K, reserved 1048576K
Event: 10.500 GC heap after
Heap after GC invocations=16 (full 3):
 PSYoungGen      total 1394176K, used 3000K [0x0000000715e00000, 0x0000000787780000, 0x00000007c0000000)
  eden space 1317888K, 0% used [0x0000000715e00000,0x0000000715e00000,0x0000000766500000)
  from space 76288K, 3% used [0x0000000766500000,0x00000007667ee1e8,0x000000076af80000)
  to   space 75776K, 0% used [0x0000000782d80000,0x0000000782d80000,0x0000000787780000)
 ParOldGen       total 499712K, used 178858K [0x00000005c1a00000, 0x00000005e0200000, 0x0000000715e00000)
  object space 499712K, 35% used [0x00000005c1a00000,0x00000005cc8aa960,0x00000005e0200000)
 Metaspace       used 58267K, capacity 63706K, committed 63860K, reserved 1103872K
  class space    used 8091K, capacity 9485K, committed 9588K, reserved 1048576K
}
Event: 10.707 GC heap before
{Heap before GC invocations=17 (full 3):
 PSYoungGen      total 1394176K, used 1320888K [0x0000000715e00000, 0x0000000787780000, 0x00000007c0000000)
  eden space 1317888K, 100% used [0x0000000715e00000,0x0000000766500000,0x0000000766500000)
  from space 76288K, 3% used [0x0000000766500000,0x00000007667ee1e8,0x000000076af80000)
  to   space 75776K, 0% used [0x0000000782d80000,0x0000000782d80000,0x0000000787780000)
 ParOldGen       total 499712K, used 178858K [0x00000005c1a00000, 0x00000005e0200000, 0x0000000715e00000)
  object space 499712K, 35% used [0x00000005c1a00000,0x00000005cc8aa960,0x00000005e0200000)
 Metaspace       used 58892K, capacity 64410K, committed 64500K, reserved 1103872K
  class space    used 8255K, capacity 9657K, committed 9716K, reserved 1048576K
Event: 10.714 GC heap after
Heap after GC invocations=17 (full 3):
 PSYoungGen      total 1769984K, used 544K [0x0000000715e00000, 0x0000000786f80000, 0x00000007c0000000)
  eden space 1702400K, 0% used [0x0000000715e00000,0x0000000715e00000,0x000000077dc80000)
  from space 67584K, 0% used [0x0000000782d80000,0x0000000782e08000,0x0000000786f80000)
  to   space 75264K, 0% used [0x000000077dc80000,0x000000077dc80000,0x0000000782600000)
 ParOldGen       total 499712K, used 181272K [0x00000005c1a00000, 0x00000005e0200000, 0x0000000715e00000)
  object space 499712K, 36% used [0x00000005c1a00000,0x00000005ccb063b8,0x00000005e0200000)
 Metaspace       used 58892K, capacity 64410K, committed 64500K, reserved 1103872K
  class space    used 8255K, capacity 9657K, committed 9716K, reserved 1048576K
}
Event: 11.089 GC heap before
{Heap before GC invocations=18 (full 3):
 PSYoungGen      total 1769984K, used 1702944K [0x0000000715e00000, 0x0000000786f80000, 0x00000007c0000000)
  eden space 1702400K, 100% used [0x0000000715e00000,0x000000077dc80000,0x000000077dc80000)
  from space 67584K, 0% used [0x0000000782d80000,0x0000000782e08000,0x0000000786f80000)
  to   space 75264K, 0% used [0x000000077dc80000,0x000000077dc80000,0x0000000782600000)
 ParOldGen       total 499712K, used 181272K [0x00000005c1a00000, 0x00000005e0200000, 0x0000000715e00000)
  object space 499712K, 36% used [0x00000005c1a00000,0x00000005ccb063b8,0x00000005e0200000)
 Metaspace       used 60006K, capacity 65614K, committed 65780K, reserved 1105920K
  class space    used 8438K, capacity 9858K, committed 9972K, reserved 1048576K
Event: 11.094 GC heap after
Heap after GC invocations=18 (full 3):
 PSYoungGen      total 1777664K, used 2030K [0x0000000715e00000, 0x00000007a2080000, 0x00000007c0000000)
  eden space 1702400K, 0% used [0x0000000715e00000,0x0000000715e00000,0x000000077dc80000)
  from space 75264K, 2% used [0x000000077dc80000,0x000000077de7b920,0x0000000782600000)
  to   space 73728K, 0% used [0x000000079d880000,0x000000079d880000,0x00000007a2080000)
 ParOldGen       total 499712K, used 181560K [0x00000005c1a00000, 0x00000005e0200000, 0x0000000715e00000)
  object space 499712K, 36% used [0x00000005c1a00000,0x00000005ccb4e3b8,0x00000005e0200000)
 Metaspace       used 60006K, capacity 65614K, committed 65780K, reserved 1105920K
  class space    used 8438K, capacity 9858K, committed 9972K, reserved 1048576K
}
Event: 11.394 GC heap before
{Heap before GC invocations=19 (full 3):
 PSYoungGen      total 1777664K, used 1704430K [0x0000000715e00000, 0x00000007a2080000, 0x00000007c0000000)
  eden space 1702400K, 100% used [0x0000000715e00000,0x000000077dc80000,0x000000077dc80000)
  from space 75264K, 2% used [0x000000077dc80000,0x000000077de7b920,0x0000000782600000)
  to   space 73728K, 0% used [0x000000079d880000,0x000000079d880000,0x00000007a2080000)
 ParOldGen       total 499712K, used 181560K [0x00000005c1a00000, 0x00000005e0200000, 0x0000000715e00000)
  object space 499712K, 36% used [0x00000005c1a00000,0x00000005ccb4e3b8,0x00000005e0200000)
 Metaspace       used 60657K, capacity 66348K, committed 66420K, reserved 1105920K
  class space    used 8552K, capacity 10047K, committed 10100K, reserved 1048576K
Event: 11.397 GC heap after
Heap after GC invocations=19 (full 3):
 PSYoungGen      total 2134528K, used 2368K [0x0000000715e00000, 0x000000079f380000, 0x00000007c0000000)
  eden space 2106880K, 0% used [0x0000000715e00000,0x0000000715e00000,0x0000000796780000)
  from space 27648K, 8% used [0x000000079d880000,0x000000079dad0010,0x000000079f380000)
  to   space 71680K, 0% used [0x0000000796780000,0x0000000796780000,0x000000079ad80000)
 ParOldGen       total 499712K, used 181568K [0x00000005c1a00000, 0x00000005e0200000, 0x0000000715e00000)
  object space 499712K, 36% used [0x00000005c1a00000,0x00000005ccb503b8,0x00000005e0200000)
 Metaspace       used 60657K, capacity 66348K, committed 66420K, reserved 1105920K
  class space    used 8552K, capacity 10047K, committed 10100K, reserved 1048576K
}
Event: 11.753 GC heap before
{Heap before GC invocations=20 (full 3):
 PSYoungGen      total 2134528K, used 2109248K [0x0000000715e00000, 0x000000079f380000, 0x00000007c0000000)
  eden space 2106880K, 100% used [0x0000000715e00000,0x0000000796780000,0x0000000796780000)
  from space 27648K, 8% used [0x000000079d880000,0x000000079dad0010,0x000000079f380000)
  to   space 71680K, 0% used [0x0000000796780000,0x0000000796780000,0x000000079ad80000)
 ParOldGen       total 499712K, used 181568K [0x00000005c1a00000, 0x00000005e0200000, 0x0000000715e00000)
  object space 499712K, 36% used [0x00000005c1a00000,0x00000005ccb503b8,0x00000005e0200000)
 Metaspace       used 61709K, capacity 67498K, committed 67700K, reserved 1105920K
  class space    used 8737K, capacity 10294K, committed 10356K, reserved 1048576K
Event: 11.758 GC heap after
Heap after GC invocations=20 (full 3):
 PSYoungGen      total 2178560K, used 2984K [0x0000000715e00000, 0x00000007b1700000, 0x00000007c0000000)
  eden space 2106880K, 0% used [0x0000000715e00000,0x0000000715e00000,0x0000000796780000)
  from space 71680K, 4% used [0x0000000796780000,0x0000000796a6a190,0x000000079ad80000)
  to   space 69120K, 0% used [0x00000007ad380000,0x00000007ad380000,0x00000007b1700000)
 ParOldGen       total 499712K, used 181576K [0x00000005c1a00000, 0x00000005e0200000, 0x0000000715e00000)
  object space 499712K, 36% used [0x00000005c1a00000,0x00000005ccb523b8,0x00000005e0200000)
 Metaspace       used 61709K, capacity 67498K, committed 67700K, reserved 1105920K
  class space    used 8737K, capacity 10294K, committed 10356K, reserved 1048576K
}

