# JRE version: OpenJDK Runtime Environment (8.0_292-b10) (build 1.8.0_292-b10)
# Java VM: OpenJDK 64-Bit Server VM (25.292-b10 mixed mode windows-amd64 compressed oops)
Heap:
 PSYoungGen      total 2736128K, used 1949540K [0x0000000715e00000, 0x00000007c0000000, 0x00000007c0000000)
  eden space 2692096K, 70% used [0x0000000715e00000,0x000000078a79ef98,0x00000007ba300000)
  from space 44032K, 88% used [0x00000007bd500000,0x00000007bfb3a360,0x00000007c0000000)
  to   space 47616K, 0% used [0x00000007ba300000,0x00000007ba300000,0x00000007bd180000)
 ParOldGen       total 504320K, used 203739K [0x00000005c1a00000, 0x00000005e0680000, 0x0000000715e00000)
  object space 504320K, 40% used [0x00000005c1a00000,0x00000005ce0f6d20,0x00000005e0680000)
 Metaspace       used 84219K, capacity 92854K, committed 92952K, reserved 1126400K
  class space    used 12658K, capacity 15360K, committed 15400K, reserved 1048576K
GC Heap History (10 events):
Event: 19.425 GC heap before
{Heap before GC invocations=37 (full 3):
 PSYoungGen      total 2735616K, used 2735439K [0x0000000715e00000, 0x00000007c0000000, 0x00000007c0000000)
  eden space 2701312K, 100% used [0x0000000715e00000,0x00000007bac00000,0x00000007bac00000)
  from space 34304K, 99% used [0x00000007bac00000,0x00000007bcd53e60,0x00000007bcd80000)
  to   space 46080K, 0% used [0x00000007bd300000,0x00000007bd300000,0x00000007c0000000)
 ParOldGen       total 504320K, used 186589K [0x00000005c1a00000, 0x00000005e0680000, 0x0000000715e00000)
  object space 504320K, 36% used [0x00000005c1a00000,0x00000005cd037490,0x00000005e0680000)
 Metaspace       used 78370K, capacity 86018K, committed 86040K, reserved 1122304K
  class space    used 11705K, capacity 14116K, committed 14120K, reserved 1048576K
Event: 19.436 GC heap after
Heap after GC invocations=37 (full 3):
 PSYoungGen      total 2737152K, used 33617K [0x0000000715e00000, 0x00000007c0000000, 0x00000007c0000000)
  eden space 2691072K, 0% used [0x0000000715e00000,0x0000000715e00000,0x00000007ba200000)
  from space 46080K, 72% used [0x00000007bd300000,0x00000007bf3d4528,0x00000007c0000000)
  to   space 48128K, 0% used [0x00000007ba200000,0x00000007ba200000,0x00000007bd100000)
 ParOldGen       total 504320K, used 188317K [0x00000005c1a00000, 0x00000005e0680000, 0x0000000715e00000)
  object space 504320K, 37% used [0x00000005c1a00000,0x00000005cd1e7788,0x00000005e0680000)
 Metaspace       used 78370K, capacity 86018K, committed 86040K, reserved 1122304K
  class space    used 11705K, capacity 14116K, committed 14120K, reserved 1048576K
}
Event: 19.840 GC heap before
{Heap before GC invocations=38 (full 3):
 PSYoungGen      total 2737152K, used 2724689K [0x0000000715e00000, 0x00000007c0000000, 0x00000007c0000000)
  eden space 2691072K, 100% used [0x0000000715e00000,0x00000007ba200000,0x00000007ba200000)
  from space 46080K, 72% used [0x00000007bd300000,0x00000007bf3d4528,0x00000007c0000000)
  to   space 48128K, 0% used [0x00000007ba200000,0x00000007ba200000,0x00000007bd100000)
 ParOldGen       total 504320K, used 188317K [0x00000005c1a00000, 0x00000005e0680000, 0x0000000715e00000)
  object space 504320K, 37% used [0x00000005c1a00000,0x00000005cd1e7788,0x00000005e0680000)
 Metaspace       used 79676K, capacity 87546K, committed 87704K, reserved 1122304K
  class space    used 11934K, capacity 14394K, committed 14504K, reserved 1048576K
Event: 19.852 GC heap after
Heap after GC invocations=38 (full 3):
 PSYoungGen      total 2739200K, used 20477K [0x0000000715e00000, 0x00000007bfe00000, 0x00000007c0000000)
  eden space 2691072K, 0% used [0x0000000715e00000,0x0000000715e00000,0x00000007ba200000)
  from space 48128K, 42% used [0x00000007ba200000,0x00000007bb5ff7b0,0x00000007bd100000)
  to   space 46080K, 0% used [0x00000007bd100000,0x00000007bd100000,0x00000007bfe00000)
 ParOldGen       total 504320K, used 202653K [0x00000005c1a00000, 0x00000005e0680000, 0x0000000715e00000)
  object space 504320K, 40% used [0x00000005c1a00000,0x00000005cdfe7530,0x00000005e0680000)
 Metaspace       used 79676K, capacity 87546K, committed 87704K, reserved 1122304K
  class space    used 11934K, capacity 14394K, committed 14504K, reserved 1048576K
}
Event: 20.369 GC heap before
{Heap before GC invocations=39 (full 3):
 PSYoungGen      total 2739200K, used 2711549K [0x0000000715e00000, 0x00000007bfe00000, 0x00000007c0000000)
  eden space 2691072K, 100% used [0x0000000715e00000,0x00000007ba200000,0x00000007ba200000)
  from space 48128K, 42% used [0x00000007ba200000,0x00000007bb5ff7b0,0x00000007bd100000)
  to   space 46080K, 0% used [0x00000007bd100000,0x00000007bd100000,0x00000007bfe00000)
 ParOldGen       total 504320K, used 202655K [0x00000005c1a00000, 0x00000005e0680000, 0x0000000715e00000)
  object space 504320K, 40% used [0x00000005c1a00000,0x00000005cdfe7fd8,0x00000005e0680000)
 Metaspace       used 80779K, capacity 88724K, committed 88856K, reserved 1124352K
  class space    used 12096K, capacity 14623K, committed 14632K, reserved 1048576K
Event: 20.383 GC heap after
Heap after GC invocations=39 (full 3):
 PSYoungGen      total 2734080K, used 22904K [0x0000000715e00000, 0x00000007bf900000, 0x00000007c0000000)
  eden space 2693120K, 0% used [0x0000000715e00000,0x0000000715e00000,0x00000007ba400000)
  from space 40960K, 55% used [0x00000007bd100000,0x00000007be75e118,0x00000007bf900000)
  to   space 43520K, 0% used [0x00000007ba400000,0x00000007ba400000,0x00000007bce80000)
 ParOldGen       total 504320K, used 203202K [0x00000005c1a00000, 0x00000005e0680000, 0x0000000715e00000)
  object space 504320K, 40% used [0x00000005c1a00000,0x00000005ce070908,0x00000005e0680000)
 Metaspace       used 80779K, capacity 88724K, committed 88856K, reserved 1124352K
  class space    used 12096K, capacity 14623K, committed 14632K, reserved 1048576K
}
Event: 21.001 GC heap before
{Heap before GC invocations=40 (full 3):
 PSYoungGen      total 2734080K, used 2716024K [0x0000000715e00000, 0x00000007bf900000, 0x00000007c0000000)
  eden space 2693120K, 100% used [0x0000000715e00000,0x00000007ba400000,0x00000007ba400000)
  from space 40960K, 55% used [0x00000007bd100000,0x00000007be75e118,0x00000007bf900000)
  to   space 43520K, 0% used [0x00000007ba400000,0x00000007ba400000,0x00000007bce80000)
 ParOldGen       total 504320K, used 203203K [0x00000005c1a00000, 0x00000005e0680000, 0x0000000715e00000)
  object space 504320K, 40% used [0x00000005c1a00000,0x00000005ce070d20,0x00000005e0680000)
 Metaspace       used 81892K, capacity 90012K, committed 90136K, reserved 1124352K
  class space    used 12241K, capacity 14787K, committed 14888K, reserved 1048576K
Event: 21.013 GC heap after
Heap after GC invocations=40 (full 3):
 PSYoungGen      total 2736640K, used 28455K [0x0000000715e00000, 0x00000007c0000000, 0x00000007c0000000)
  eden space 2693120K, 0% used [0x0000000715e00000,0x0000000715e00000,0x00000007ba400000)
  from space 43520K, 65% used [0x00000007ba400000,0x00000007bbfc9e90,0x00000007bce80000)
  to   space 44032K, 0% used [0x00000007bd500000,0x00000007bd500000,0x00000007c0000000)
 ParOldGen       total 504320K, used 203491K [0x00000005c1a00000, 0x00000005e0680000, 0x0000000715e00000)
  object space 504320K, 40% used [0x00000005c1a00000,0x00000005ce0b8d20,0x00000005e0680000)
 Metaspace       used 81892K, capacity 90012K, committed 90136K, reserved 1124352K
  class space    used 12241K, capacity 14787K, committed 14888K, reserved 1048576K
}
Event: 21.601 GC heap before
{Heap before GC invocations=41 (full 3):
 PSYoungGen      total 2736640K, used 2721575K [0x0000000715e00000, 0x00000007c0000000, 0x00000007c0000000)
  eden space 2693120K, 100% used [0x0000000715e00000,0x00000007ba400000,0x00000007ba400000)
  from space 43520K, 65% used [0x00000007ba400000,0x00000007bbfc9e90,0x00000007bce80000)
  to   space 44032K, 0% used [0x00000007bd500000,0x00000007bd500000,0x00000007c0000000)
 ParOldGen       total 504320K, used 203491K [0x00000005c1a00000, 0x00000005e0680000, 0x0000000715e00000)
  object space 504320K, 40% used [0x00000005c1a00000,0x00000005ce0b8d20,0x00000005e0680000)
 Metaspace       used 83604K, capacity 92080K, committed 92312K, reserved 1126400K
  class space    used 12562K, capacity 15217K, committed 15272K, reserved 1048576K
Event: 21.626 GC heap after
Heap after GC invocations=41 (full 3):
 PSYoungGen      total 2736128K, used 39144K [0x0000000715e00000, 0x00000007c0000000, 0x00000007c0000000)
  eden space 2692096K, 0% used [0x0000000715e00000,0x0000000715e00000,0x00000007ba300000)
  from space 44032K, 88% used [0x00000007bd500000,0x00000007bfb3a360,0x00000007c0000000)
  to   space 47616K, 0% used [0x00000007ba300000,0x00000007ba300000,0x00000007bd180000)
 ParOldGen       total 504320K, used 203739K [0x00000005c1a00000, 0x00000005e0680000, 0x0000000715e00000)
  object space 504320K, 40% used [0x00000005c1a00000,0x00000005ce0f6d20,0x00000005e0680000)
 Metaspace       used 83604K, capacity 92080K, committed 92312K, reserved 1126400K
  class space    used 12562K, capacity 15217K, committed 15272K, reserved 1048576K
}

