# JRE version: OpenJDK Runtime Environment (8.0_292-b10) (build 1.8.0_292-b10)
# Java VM: OpenJDK 64-Bit Server VM (25.292-b10 mixed mode windows-amd64 compressed oops)
Heap:
 PSYoungGen      total 2779648K, used 2779392K [0x0000000715e00000, 0x00000007c0000000, 0x00000007c0000000)
  eden space 2771968K, 100% used [0x0000000715e00000,0x00000007bf100000,0x00000007bf100000)
  from space 7680K, 96% used [0x00000007bf880000,0x00000007bffc0000,0x00000007c0000000)
  to   space 7680K, 97% used [0x00000007bf100000,0x00000007bf848000,0x00000007bf880000)
 ParOldGen       total 1090560K, used 587214K [0x00000005c1a00000, 0x0000000604300000, 0x0000000715e00000)
  object space 1090560K, 53% used [0x00000005c1a00000,0x00000005e5773a08,0x0000000604300000)
 Metaspace       used 117699K, capacity 134768K, committed 134984K, reserved 1163264K
  class space    used 16875K, capacity 21014K, committed 21108K, reserved 1048576K
GC Heap History (10 events):
Event: 3272.378 GC heap after
Heap after GC invocations=1983 (full 5):
 PSYoungGen      total 2779648K, used 7488K [0x0000000715e00000, 0x00000007c0000000, 0x00000007c0000000)
  eden space 2771968K, 0% used [0x0000000715e00000,0x0000000715e00000,0x00000007bf100000)
  from space 7680K, 97% used [0x00000007bf880000,0x00000007bffd0000,0x00000007c0000000)
  to   space 7680K, 0% used [0x00000007bf100000,0x00000007bf100000,0x00000007bf880000)
 ParOldGen       total 1090560K, used 587214K [0x00000005c1a00000, 0x0000000604300000, 0x0000000715e00000)
  object space 1090560K, 53% used [0x00000005c1a00000,0x00000005e5773a08,0x0000000604300000)
 Metaspace       used 117699K, capacity 134768K, committed 134984K, reserved 1163264K
  class space    used 16875K, capacity 21014K, committed 21108K, reserved 1048576K
}
Event: 3277.849 GC heap before
{Heap before GC invocations=1984 (full 5):
 PSYoungGen      total 2779648K, used 2779456K [0x0000000715e00000, 0x00000007c0000000, 0x00000007c0000000)
  eden space 2771968K, 100% used [0x0000000715e00000,0x00000007bf100000,0x00000007bf100000)
  from space 7680K, 97% used [0x00000007bf880000,0x00000007bffd0000,0x00000007c0000000)
  to   space 7680K, 0% used [0x00000007bf100000,0x00000007bf100000,0x00000007bf880000)
 ParOldGen       total 1090560K, used 587214K [0x00000005c1a00000, 0x0000000604300000, 0x0000000715e00000)
  object space 1090560K, 53% used [0x00000005c1a00000,0x00000005e5773a08,0x0000000604300000)
 Metaspace       used 117699K, capacity 134768K, committed 134984K, reserved 1163264K
  class space    used 16875K, capacity 21014K, committed 21108K, reserved 1048576K
Event: 3277.879 GC heap after
Heap after GC invocations=1984 (full 5):
 PSYoungGen      total 2779648K, used 7488K [0x0000000715e00000, 0x00000007c0000000, 0x00000007c0000000)
  eden space 2771968K, 0% used [0x0000000715e00000,0x0000000715e00000,0x00000007bf100000)
  from space 7680K, 97% used [0x00000007bf100000,0x00000007bf850000,0x00000007bf880000)
  to   space 7680K, 0% used [0x00000007bf880000,0x00000007bf880000,0x00000007c0000000)
 ParOldGen       total 1090560K, used 587214K [0x00000005c1a00000, 0x0000000604300000, 0x0000000715e00000)
  object space 1090560K, 53% used [0x00000005c1a00000,0x00000005e5773a08,0x0000000604300000)
 Metaspace       used 117699K, capacity 134768K, committed 134984K, reserved 1163264K
  class space    used 16875K, capacity 21014K, committed 21108K, reserved 1048576K
}
Event: 3283.071 GC heap before
{Heap before GC invocations=1985 (full 5):
 PSYoungGen      total 2779648K, used 2779456K [0x0000000715e00000, 0x00000007c0000000, 0x00000007c0000000)
  eden space 2771968K, 100% used [0x0000000715e00000,0x00000007bf100000,0x00000007bf100000)
  from space 7680K, 97% used [0x00000007bf100000,0x00000007bf850000,0x00000007bf880000)
  to   space 7680K, 0% used [0x00000007bf880000,0x00000007bf880000,0x00000007c0000000)
 ParOldGen       total 1090560K, used 587214K [0x00000005c1a00000, 0x0000000604300000, 0x0000000715e00000)
  object space 1090560K, 53% used [0x00000005c1a00000,0x00000005e5773a08,0x0000000604300000)
 Metaspace       used 117699K, capacity 134768K, committed 134984K, reserved 1163264K
  class space    used 16875K, capacity 21014K, committed 21108K, reserved 1048576K
Event: 3283.105 GC heap after
Heap after GC invocations=1985 (full 5):
 PSYoungGen      total 2779648K, used 7488K [0x0000000715e00000, 0x00000007c0000000, 0x00000007c0000000)
  eden space 2771968K, 0% used [0x0000000715e00000,0x0000000715e00000,0x00000007bf100000)
  from space 7680K, 97% used [0x00000007bf880000,0x00000007bffd0000,0x00000007c0000000)
  to   space 7680K, 0% used [0x00000007bf100000,0x00000007bf100000,0x00000007bf880000)
 ParOldGen       total 1090560K, used 587214K [0x00000005c1a00000, 0x0000000604300000, 0x0000000715e00000)
  object space 1090560K, 53% used [0x00000005c1a00000,0x00000005e5773a08,0x0000000604300000)
 Metaspace       used 117699K, capacity 134768K, committed 134984K, reserved 1163264K
  class space    used 16875K, capacity 21014K, committed 21108K, reserved 1048576K
}
Event: 3288.999 GC heap before
{Heap before GC invocations=1986 (full 5):
 PSYoungGen      total 2779648K, used 2779456K [0x0000000715e00000, 0x00000007c0000000, 0x00000007c0000000)
  eden space 2771968K, 100% used [0x0000000715e00000,0x00000007bf100000,0x00000007bf100000)
  from space 7680K, 97% used [0x00000007bf880000,0x00000007bffd0000,0x00000007c0000000)
  to   space 7680K, 0% used [0x00000007bf100000,0x00000007bf100000,0x00000007bf880000)
 ParOldGen       total 1090560K, used 587214K [0x00000005c1a00000, 0x0000000604300000, 0x0000000715e00000)
  object space 1090560K, 53% used [0x00000005c1a00000,0x00000005e5773a08,0x0000000604300000)
 Metaspace       used 117699K, capacity 134768K, committed 134984K, reserved 1163264K
  class space    used 16875K, capacity 21014K, committed 21108K, reserved 1048576K
Event: 3289.026 GC heap after
Heap after GC invocations=1986 (full 5):
 PSYoungGen      total 2779648K, used 7456K [0x0000000715e00000, 0x00000007c0000000, 0x00000007c0000000)
  eden space 2771968K, 0% used [0x0000000715e00000,0x0000000715e00000,0x00000007bf100000)
  from space 7680K, 97% used [0x00000007bf100000,0x00000007bf848000,0x00000007bf880000)
  to   space 7680K, 0% used [0x00000007bf880000,0x00000007bf880000,0x00000007c0000000)
 ParOldGen       total 1090560K, used 587214K [0x00000005c1a00000, 0x0000000604300000, 0x0000000715e00000)
  object space 1090560K, 53% used [0x00000005c1a00000,0x00000005e5773a08,0x0000000604300000)
 Metaspace       used 117699K, capacity 134768K, committed 134984K, reserved 1163264K
  class space    used 16875K, capacity 21014K, committed 21108K, reserved 1048576K
}
Event: 3294.805 GC heap before
{Heap before GC invocations=1987 (full 5):
 PSYoungGen      total 2779648K, used 2779424K [0x0000000715e00000, 0x00000007c0000000, 0x00000007c0000000)
  eden space 2771968K, 100% used [0x0000000715e00000,0x00000007bf100000,0x00000007bf100000)
  from space 7680K, 97% used [0x00000007bf100000,0x00000007bf848000,0x00000007bf880000)
  to   space 7680K, 0% used [0x00000007bf880000,0x00000007bf880000,0x00000007c0000000)
 ParOldGen       total 1090560K, used 587214K [0x00000005c1a00000, 0x0000000604300000, 0x0000000715e00000)
  object space 1090560K, 53% used [0x00000005c1a00000,0x00000005e5773a08,0x0000000604300000)
 Metaspace       used 117699K, capacity 134768K, committed 134984K, reserved 1163264K
  class space    used 16875K, capacity 21014K, committed 21108K, reserved 1048576K
Event: 3294.832 GC heap after
Heap after GC invocations=1987 (full 5):
 PSYoungGen      total 2779648K, used 7424K [0x0000000715e00000, 0x00000007c0000000, 0x00000007c0000000)
  eden space 2771968K, 0% used [0x0000000715e00000,0x0000000715e00000,0x00000007bf100000)
  from space 7680K, 96% used [0x00000007bf880000,0x00000007bffc0000,0x00000007c0000000)
  to   space 7680K, 0% used [0x00000007bf100000,0x00000007bf100000,0x00000007bf880000)
 ParOldGen       total 1090560K, used 587214K [0x00000005c1a00000, 0x0000000604300000, 0x0000000715e00000)
  object space 1090560K, 53% used [0x00000005c1a00000,0x00000005e5773a08,0x0000000604300000)
 Metaspace       used 117699K, capacity 134768K, committed 134984K, reserved 1163264K
  class space    used 16875K, capacity 21014K, committed 21108K, reserved 1048576K
}
Event: 3300.288 GC heap before
{Heap before GC invocations=1988 (full 5):
 PSYoungGen      total 2779648K, used 2779392K [0x0000000715e00000, 0x00000007c0000000, 0x00000007c0000000)
  eden space 2771968K, 100% used [0x0000000715e00000,0x00000007bf100000,0x00000007bf100000)
  from space 7680K, 96% used [0x00000007bf880000,0x00000007bffc0000,0x00000007c0000000)
  to   space 7680K, 0% used [0x00000007bf100000,0x00000007bf100000,0x00000007bf880000)
 ParOldGen       total 1090560K, used 587214K [0x00000005c1a00000, 0x0000000604300000, 0x0000000715e00000)
  object space 1090560K, 53% used [0x00000005c1a00000,0x00000005e5773a08,0x0000000604300000)
 Metaspace       used 117699K, capacity 134768K, committed 134984K, reserved 1163264K
  class space    used 16875K, capacity 21014K, committed 21108K, reserved 1048576K

