# JRE version: OpenJDK Runtime Environment (8.0_282-b08) (build 1.8.0_282-b08)
# Java VM: OpenJDK 64-Bit Server VM (25.282-b08 mixed mode windows-amd64 compressed oops)
Heap:
 PSYoungGen      total 2464256K, used 317639K [0x0000000715e00000, 0x00000007b0f00000, 0x00000007c0000000)
  eden space 2422784K, 12% used [0x0000000715e00000,0x0000000727c76130,0x00000007a9c00000)
  from space 41472K, 58% used [0x00000007ae680000,0x00000007afe3bd70,0x00000007b0f00000)
  to   space 58880K, 0% used [0x00000007a9c00000,0x00000007a9c00000,0x00000007ad580000)
 ParOldGen       total 401408K, used 177414K [0x00000005c1a00000, 0x00000005da200000, 0x0000000715e00000)
  object space 401408K, 44% used [0x00000005c1a00000,0x00000005cc7418b8,0x00000005da200000)
 Metaspace       used 73590K, capacity 80736K, committed 80848K, reserved 1116160K
  class space    used 10999K, capacity 13264K, committed 13312K, reserved 1048576K
GC Heap History (10 events):
Event: 14.040 GC heap before
{Heap before GC invocations=21 (full 3):
 PSYoungGen      total 1991168K, used 1933175K [0x0000000715e00000, 0x00000007a3000000, 0x00000007c0000000)
  eden space 1914880K, 100% used [0x0000000715e00000,0x000000078ac00000,0x000000078ac00000)
  from space 76288K, 23% used [0x000000078ac00000,0x000000078bdddf50,0x000000078f680000)
  to   space 71680K, 0% used [0x000000079ea00000,0x000000079ea00000,0x00000007a3000000)
 ParOldGen       total 401408K, used 177382K [0x00000005c1a00000, 0x00000005da200000, 0x0000000715e00000)
  object space 401408K, 44% used [0x00000005c1a00000,0x00000005cc7398b8,0x00000005da200000)
 Metaspace       used 65472K, capacity 71074K, committed 71376K, reserved 1110016K
  class space    used 9348K, capacity 10945K, committed 11008K, reserved 1048576K
Event: 14.047 GC heap after
Heap after GC invocations=21 (full 3):
 PSYoungGen      total 2214912K, used 18871K [0x0000000715e00000, 0x00000007a1f00000, 0x00000007c0000000)
  eden space 2160640K, 0% used [0x0000000715e00000,0x0000000715e00000,0x0000000799c00000)
  from space 54272K, 34% used [0x000000079ea00000,0x000000079fc6df50,0x00000007a1f00000)
  to   space 67072K, 0% used [0x0000000799c00000,0x0000000799c00000,0x000000079dd80000)
 ParOldGen       total 401408K, used 177390K [0x00000005c1a00000, 0x00000005da200000, 0x0000000715e00000)
  object space 401408K, 44% used [0x00000005c1a00000,0x00000005cc73b8b8,0x00000005da200000)
 Metaspace       used 65472K, capacity 71074K, committed 71376K, reserved 1110016K
  class space    used 9348K, capacity 10945K, committed 11008K, reserved 1048576K
}
Event: 14.460 GC heap before
{Heap before GC invocations=22 (full 3):
 PSYoungGen      total 2214912K, used 2179511K [0x0000000715e00000, 0x00000007a1f00000, 0x00000007c0000000)
  eden space 2160640K, 100% used [0x0000000715e00000,0x0000000799c00000,0x0000000799c00000)
  from space 54272K, 34% used [0x000000079ea00000,0x000000079fc6df50,0x00000007a1f00000)
  to   space 67072K, 0% used [0x0000000799c00000,0x0000000799c00000,0x000000079dd80000)
 ParOldGen       total 401408K, used 177390K [0x00000005c1a00000, 0x00000005da200000, 0x0000000715e00000)
  object space 401408K, 44% used [0x00000005c1a00000,0x00000005cc73b8b8,0x00000005da200000)
 Metaspace       used 65913K, capacity 71592K, committed 71888K, reserved 1110016K
  class space    used 9406K, capacity 10996K, committed 11008K, reserved 1048576K
Event: 14.471 GC heap after
Heap after GC invocations=22 (full 3):
 PSYoungGen      total 2227712K, used 19031K [0x0000000715e00000, 0x00000007b2400000, 0x00000007c0000000)
  eden space 2160640K, 0% used [0x0000000715e00000,0x0000000715e00000,0x0000000799c00000)
  from space 67072K, 28% used [0x0000000799c00000,0x000000079ae95f50,0x000000079dd80000)
  to   space 62976K, 0% used [0x00000007ae680000,0x00000007ae680000,0x00000007b2400000)
 ParOldGen       total 401408K, used 177390K [0x00000005c1a00000, 0x00000005da200000, 0x0000000715e00000)
  object space 401408K, 44% used [0x00000005c1a00000,0x00000005cc73b8b8,0x00000005da200000)
 Metaspace       used 65913K, capacity 71592K, committed 71888K, reserved 1110016K
  class space    used 9406K, capacity 10996K, committed 11008K, reserved 1048576K
}
Event: 15.032 GC heap before
{Heap before GC invocations=23 (full 3):
 PSYoungGen      total 2227712K, used 2179671K [0x0000000715e00000, 0x00000007b2400000, 0x00000007c0000000)
  eden space 2160640K, 100% used [0x0000000715e00000,0x0000000799c00000,0x0000000799c00000)
  from space 67072K, 28% used [0x0000000799c00000,0x000000079ae95f50,0x000000079dd80000)
  to   space 62976K, 0% used [0x00000007ae680000,0x00000007ae680000,0x00000007b2400000)
 ParOldGen       total 401408K, used 177390K [0x00000005c1a00000, 0x00000005da200000, 0x0000000715e00000)
  object space 401408K, 44% used [0x00000005c1a00000,0x00000005cc73b8b8,0x00000005da200000)
 Metaspace       used 66499K, capacity 72330K, committed 72400K, reserved 1110016K
  class space    used 9546K, capacity 11195K, committed 11264K, reserved 1048576K
Event: 15.040 GC heap after
Heap after GC invocations=23 (full 3):
 PSYoungGen      total 2464256K, used 19511K [0x0000000715e00000, 0x00000007b0f00000, 0x00000007c0000000)
  eden space 2422784K, 0% used [0x0000000715e00000,0x0000000715e00000,0x00000007a9c00000)
  from space 41472K, 47% used [0x00000007ae680000,0x00000007af98def0,0x00000007b0f00000)
  to   space 58880K, 0% used [0x00000007a9c00000,0x00000007a9c00000,0x00000007ad580000)
 ParOldGen       total 401408K, used 177398K [0x00000005c1a00000, 0x00000005da200000, 0x0000000715e00000)
  object space 401408K, 44% used [0x00000005c1a00000,0x00000005cc73d8b8,0x00000005da200000)
 Metaspace       used 66499K, capacity 72330K, committed 72400K, reserved 1110016K
  class space    used 9546K, capacity 11195K, committed 11264K, reserved 1048576K
}
Event: 15.654 GC heap before
{Heap before GC invocations=24 (full 3):
 PSYoungGen      total 2464256K, used 2442295K [0x0000000715e00000, 0x00000007b0f00000, 0x00000007c0000000)
  eden space 2422784K, 100% used [0x0000000715e00000,0x00000007a9c00000,0x00000007a9c00000)
  from space 41472K, 47% used [0x00000007ae680000,0x00000007af98def0,0x00000007b0f00000)
  to   space 58880K, 0% used [0x00000007a9c00000,0x00000007a9c00000,0x00000007ad580000)
 ParOldGen       total 401408K, used 177398K [0x00000005c1a00000, 0x00000005da200000, 0x0000000715e00000)
  object space 401408K, 44% used [0x00000005c1a00000,0x00000005cc73d8b8,0x00000005da200000)
 Metaspace       used 69296K, capacity 75338K, committed 75472K, reserved 1114112K
  class space    used 9938K, capacity 11683K, committed 11776K, reserved 1048576K
Event: 15.664 GC heap after
Heap after GC invocations=24 (full 3):
 PSYoungGen      total 2481664K, used 22803K [0x0000000715e00000, 0x00000007b0f00000, 0x00000007c0000000)
  eden space 2422784K, 0% used [0x0000000715e00000,0x0000000715e00000,0x00000007a9c00000)
  from space 58880K, 38% used [0x00000007a9c00000,0x00000007ab244e50,0x00000007ad580000)
  to   space 41472K, 0% used [0x00000007ae680000,0x00000007ae680000,0x00000007b0f00000)
 ParOldGen       total 401408K, used 177406K [0x00000005c1a00000, 0x00000005da200000, 0x0000000715e00000)
  object space 401408K, 44% used [0x00000005c1a00000,0x00000005cc73f8b8,0x00000005da200000)
 Metaspace       used 69296K, capacity 75338K, committed 75472K, reserved 1114112K
  class space    used 9938K, capacity 11683K, committed 11776K, reserved 1048576K
}
Event: 16.366 GC heap before
{Heap before GC invocations=25 (full 3):
 PSYoungGen      total 2481664K, used 2445587K [0x0000000715e00000, 0x00000007b0f00000, 0x00000007c0000000)
  eden space 2422784K, 100% used [0x0000000715e00000,0x00000007a9c00000,0x00000007a9c00000)
  from space 58880K, 38% used [0x00000007a9c00000,0x00000007ab244e50,0x00000007ad580000)
  to   space 41472K, 0% used [0x00000007ae680000,0x00000007ae680000,0x00000007b0f00000)
 ParOldGen       total 401408K, used 177406K [0x00000005c1a00000, 0x00000005da200000, 0x0000000715e00000)
  object space 401408K, 44% used [0x00000005c1a00000,0x00000005cc73f8b8,0x00000005da200000)
 Metaspace       used 73147K, capacity 80100K, committed 80208K, reserved 1116160K
  class space    used 10897K, capacity 13100K, committed 13184K, reserved 1048576K
Event: 16.375 GC heap after
Heap after GC invocations=25 (full 3):
 PSYoungGen      total 2464256K, used 24303K [0x0000000715e00000, 0x00000007b0f00000, 0x00000007c0000000)
  eden space 2422784K, 0% used [0x0000000715e00000,0x0000000715e00000,0x00000007a9c00000)
  from space 41472K, 58% used [0x00000007ae680000,0x00000007afe3bd70,0x00000007b0f00000)
  to   space 58880K, 0% used [0x00000007a9c00000,0x00000007a9c00000,0x00000007ad580000)
 ParOldGen       total 401408K, used 177414K [0x00000005c1a00000, 0x00000005da200000, 0x0000000715e00000)
  object space 401408K, 44% used [0x00000005c1a00000,0x00000005cc7418b8,0x00000005da200000)
 Metaspace       used 73147K, capacity 80100K, committed 80208K, reserved 1116160K
  class space    used 10897K, capacity 13100K, committed 13184K, reserved 1048576K
}

