# JRE version: OpenJDK Runtime Environment (8.0_292-b10) (build 1.8.0_292-b10)
# Java VM: OpenJDK 64-Bit Server VM (25.292-b10 mixed mode windows-amd64 compressed oops)
Heap:
 PSYoungGen      total 2668032K, used 1625855K [0x0000000715e00000, 0x00000007c0000000, 0x00000007c0000000)
  eden space 2564096K, 63% used [0x0000000715e00000,0x00000007791bff00,0x00000007b2600000)
  from space 103936K, 0% used [0x00000007b9a80000,0x00000007b9a80000,0x00000007c0000000)
  to   space 111616K, 0% used [0x00000007b2600000,0x00000007b2600000,0x00000007b9300000)
 ParOldGen       total 838656K, used 404121K [0x00000005c1a00000, 0x00000005f4d00000, 0x0000000715e00000)
  object space 838656K, 48% used [0x00000005c1a00000,0x00000005da4a65a8,0x00000005f4d00000)
 Metaspace       used 113326K, capacity 128878K, committed 129176K, reserved 1157120K
  class space    used 16568K, capacity 20541K, committed 20648K, reserved 1048576K
GC Heap History (10 events):
Event: 29.119 GC heap before
{Heap before GC invocations=49 (full 3):
 PSYoungGen      total 2686976K, used 665545K [0x0000000715e00000, 0x00000007c0000000, 0x00000007c0000000)
  eden space 2612224K, 22% used [0x0000000715e00000,0x0000000739ef96f0,0x00000007b5500000)
  from space 74752K, 99% used [0x00000007b5500000,0x00000007b9df8eb8,0x00000007b9e00000)
  to   space 94720K, 0% used [0x00000007ba380000,0x00000007ba380000,0x00000007c0000000)
 ParOldGen       total 521216K, used 236624K [0x00000005c1a00000, 0x00000005e1700000, 0x0000000715e00000)
  object space 521216K, 45% used [0x00000005c1a00000,0x00000005d01142b8,0x00000005e1700000)
 Metaspace       used 89268K, capacity 98578K, committed 98600K, reserved 1132544K
  class space    used 13193K, capacity 16018K, committed 16040K, reserved 1048576K
Event: 29.157 GC heap after
Heap after GC invocations=49 (full 3):
 PSYoungGen      total 2672128K, used 87869K [0x0000000715e00000, 0x00000007c0000000, 0x00000007c0000000)
  eden space 2577408K, 0% used [0x0000000715e00000,0x0000000715e00000,0x00000007b3300000)
  from space 94720K, 92% used [0x00000007ba380000,0x00000007bf94f7a8,0x00000007c0000000)
  to   space 104960K, 0% used [0x00000007b3300000,0x00000007b3300000,0x00000007b9980000)
 ParOldGen       total 521216K, used 261205K [0x00000005c1a00000, 0x00000005e1700000, 0x0000000715e00000)
  object space 521216K, 50% used [0x00000005c1a00000,0x00000005d19157e8,0x00000005e1700000)
 Metaspace       used 89268K, capacity 98578K, committed 98600K, reserved 1132544K
  class space    used 13193K, capacity 16018K, committed 16040K, reserved 1048576K
}
Event: 29.157 GC heap before
{Heap before GC invocations=50 (full 4):
 PSYoungGen      total 2672128K, used 87869K [0x0000000715e00000, 0x00000007c0000000, 0x00000007c0000000)
  eden space 2577408K, 0% used [0x0000000715e00000,0x0000000715e00000,0x00000007b3300000)
  from space 94720K, 92% used [0x00000007ba380000,0x00000007bf94f7a8,0x00000007c0000000)
  to   space 104960K, 0% used [0x00000007b3300000,0x00000007b3300000,0x00000007b9980000)
 ParOldGen       total 521216K, used 261205K [0x00000005c1a00000, 0x00000005e1700000, 0x0000000715e00000)
  object space 521216K, 50% used [0x00000005c1a00000,0x00000005d19157e8,0x00000005e1700000)
 Metaspace       used 89268K, capacity 98578K, committed 98600K, reserved 1132544K
  class space    used 13193K, capacity 16018K, committed 16040K, reserved 1048576K
Event: 29.727 GC heap after
Heap after GC invocations=50 (full 4):
 PSYoungGen      total 2672128K, used 0K [0x0000000715e00000, 0x00000007c0000000, 0x00000007c0000000)
  eden space 2577408K, 0% used [0x0000000715e00000,0x0000000715e00000,0x00000007b3300000)
  from space 94720K, 0% used [0x00000007ba380000,0x00000007ba380000,0x00000007c0000000)
  to   space 104960K, 0% used [0x00000007b3300000,0x00000007b3300000,0x00000007b9980000)
 ParOldGen       total 838656K, used 337416K [0x00000005c1a00000, 0x00000005f4d00000, 0x0000000715e00000)
  object space 838656K, 40% used [0x00000005c1a00000,0x00000005d63822d8,0x00000005f4d00000)
 Metaspace       used 89260K, capacity 98560K, committed 98600K, reserved 1132544K
  class space    used 13190K, capacity 16013K, committed 16040K, reserved 1048576K
}
Event: 43.104 GC heap before
{Heap before GC invocations=51 (full 4):
 PSYoungGen      total 2672128K, used 2577408K [0x0000000715e00000, 0x00000007c0000000, 0x00000007c0000000)
  eden space 2577408K, 100% used [0x0000000715e00000,0x00000007b3300000,0x00000007b3300000)
  from space 94720K, 0% used [0x00000007ba380000,0x00000007ba380000,0x00000007c0000000)
  to   space 104960K, 0% used [0x00000007b3300000,0x00000007b3300000,0x00000007b9980000)
 ParOldGen       total 838656K, used 337416K [0x00000005c1a00000, 0x00000005f4d00000, 0x0000000715e00000)
  object space 838656K, 40% used [0x00000005c1a00000,0x00000005d63822d8,0x00000005f4d00000)
 Metaspace       used 96525K, capacity 108612K, committed 108696K, reserved 1140736K
  class space    used 14402K, capacity 17775K, committed 17832K, reserved 1048576K
Event: 43.117 GC heap after
Heap after GC invocations=51 (full 4):
 PSYoungGen      total 2682368K, used 24487K [0x0000000715e00000, 0x00000007c0000000, 0x00000007c0000000)
  eden space 2577408K, 0% used [0x0000000715e00000,0x0000000715e00000,0x00000007b3300000)
  from space 104960K, 23% used [0x00000007b3300000,0x00000007b4ae9dd8,0x00000007b9980000)
  to   space 103936K, 0% used [0x00000007b9a80000,0x00000007b9a80000,0x00000007c0000000)
 ParOldGen       total 838656K, used 337432K [0x00000005c1a00000, 0x00000005f4d00000, 0x0000000715e00000)
  object space 838656K, 40% used [0x00000005c1a00000,0x00000005d63862d8,0x00000005f4d00000)
 Metaspace       used 96525K, capacity 108612K, committed 108696K, reserved 1140736K
  class space    used 14402K, capacity 17775K, committed 17832K, reserved 1048576K
}
Event: 53.532 GC heap before
{Heap before GC invocations=52 (full 4):
 PSYoungGen      total 2682368K, used 2529034K [0x0000000715e00000, 0x00000007c0000000, 0x00000007c0000000)
  eden space 2577408K, 97% used [0x0000000715e00000,0x00000007aebd8d48,0x00000007b3300000)
  from space 104960K, 23% used [0x00000007b3300000,0x00000007b4ae9dd8,0x00000007b9980000)
  to   space 103936K, 0% used [0x00000007b9a80000,0x00000007b9a80000,0x00000007c0000000)
 ParOldGen       total 838656K, used 337432K [0x00000005c1a00000, 0x00000005f4d00000, 0x0000000715e00000)
  object space 838656K, 40% used [0x00000005c1a00000,0x00000005d63862d8,0x00000005f4d00000)
 Metaspace       used 108933K, capacity 123372K, committed 123544K, reserved 1153024K
  class space    used 16022K, capacity 19782K, committed 19880K, reserved 1048576K
Event: 53.556 GC heap after
Heap after GC invocations=52 (full 4):
 PSYoungGen      total 2668032K, used 83921K [0x0000000715e00000, 0x00000007c0000000, 0x00000007c0000000)
  eden space 2564096K, 0% used [0x0000000715e00000,0x0000000715e00000,0x00000007b2600000)
  from space 103936K, 80% used [0x00000007b9a80000,0x00000007bec74778,0x00000007c0000000)
  to   space 111616K, 0% used [0x00000007b2600000,0x00000007b2600000,0x00000007b9300000)
 ParOldGen       total 838656K, used 337456K [0x00000005c1a00000, 0x00000005f4d00000, 0x0000000715e00000)
  object space 838656K, 40% used [0x00000005c1a00000,0x00000005d638c2d8,0x00000005f4d00000)
 Metaspace       used 108933K, capacity 123372K, committed 123544K, reserved 1153024K
  class space    used 16022K, capacity 19782K, committed 19880K, reserved 1048576K
}
Event: 53.556 GC heap before
{Heap before GC invocations=53 (full 5):
 PSYoungGen      total 2668032K, used 83921K [0x0000000715e00000, 0x00000007c0000000, 0x00000007c0000000)
  eden space 2564096K, 0% used [0x0000000715e00000,0x0000000715e00000,0x00000007b2600000)
  from space 103936K, 80% used [0x00000007b9a80000,0x00000007bec74778,0x00000007c0000000)
  to   space 111616K, 0% used [0x00000007b2600000,0x00000007b2600000,0x00000007b9300000)
 ParOldGen       total 838656K, used 337456K [0x00000005c1a00000, 0x00000005f4d00000, 0x0000000715e00000)
  object space 838656K, 40% used [0x00000005c1a00000,0x00000005d638c2d8,0x00000005f4d00000)
 Metaspace       used 108933K, capacity 123372K, committed 123544K, reserved 1153024K
  class space    used 16022K, capacity 19782K, committed 19880K, reserved 1048576K
Event: 54.690 GC heap after
Heap after GC invocations=53 (full 5):
 PSYoungGen      total 2668032K, used 0K [0x0000000715e00000, 0x00000007c0000000, 0x00000007c0000000)
  eden space 2564096K, 0% used [0x0000000715e00000,0x0000000715e00000,0x00000007b2600000)
  from space 103936K, 0% used [0x00000007b9a80000,0x00000007b9a80000,0x00000007c0000000)
  to   space 111616K, 0% used [0x00000007b2600000,0x00000007b2600000,0x00000007b9300000)
 ParOldGen       total 838656K, used 404121K [0x00000005c1a00000, 0x00000005f4d00000, 0x0000000715e00000)
  object space 838656K, 48% used [0x00000005c1a00000,0x00000005da4a65a8,0x00000005f4d00000)
 Metaspace       used 108927K, capacity 123364K, committed 123544K, reserved 1153024K
  class space    used 16020K, capacity 19778K, committed 19880K, reserved 1048576K
}

