# JRE version: OpenJDK Runtime Environment (8.0_292-b10) (build 1.8.0_292-b10)
# Java VM: OpenJDK 64-Bit Server VM (25.292-b10 mixed mode windows-amd64 compressed oops)
Heap:
 PSYoungGen      total 2507776K, used 2002833K [0x0000000715e00000, 0x00000007bed00000, 0x00000007c0000000)
  eden space 2236416K, 89% used [0x0000000715e00000,0x00000007901e4540,0x000000079e600000)
  from space 271360K, 0% used [0x000000079e600000,0x000000079e600000,0x00000007aef00000)
  to   space 259584K, 0% used [0x00000007aef80000,0x00000007aef80000,0x00000007bed00000)
 ParOldGen       total 518144K, used 517843K [0x00000005c1a00000, 0x00000005e1400000, 0x0000000715e00000)
  object space 518144K, 99% used [0x00000005c1a00000,0x00000005e13b4d70,0x00000005e1400000)
 Metaspace       used 116920K, capacity 133932K, committed 134168K, reserved 1163264K
  class space    used 16846K, capacity 20930K, committed 21032K, reserved 1048576K
GC Heap History (10 events):
Event: 153.077 GC heap before
{Heap before GC invocations=74 (full 7):
 PSYoungGen      total 2507776K, used 2274536K [0x0000000715e00000, 0x00000007bed00000, 0x00000007c0000000)
  eden space 2236416K, 100% used [0x0000000715e00000,0x000000079e600000,0x000000079e600000)
  from space 271360K, 14% used [0x000000079e600000,0x00000007a0b3a3f0,0x00000007aef00000)
  to   space 259584K, 0% used [0x00000007aef80000,0x00000007aef80000,0x00000007bed00000)
 ParOldGen       total 518144K, used 517813K [0x00000005c1a00000, 0x00000005e1400000, 0x0000000715e00000)
  object space 518144K, 99% used [0x00000005c1a00000,0x00000005e13ad448,0x00000005e1400000)
 Metaspace       used 116859K, capacity 133832K, committed 134168K, reserved 1163264K
  class space    used 16845K, capacity 20928K, committed 21032K, reserved 1048576K
Event: 153.688 GC heap after
Heap after GC invocations=74 (full 7):
 PSYoungGen      total 2507776K, used 34579K [0x0000000715e00000, 0x00000007bed00000, 0x00000007c0000000)
  eden space 2236416K, 0% used [0x0000000715e00000,0x0000000715e00000,0x000000079e600000)
  from space 271360K, 12% used [0x000000079e600000,0x00000007a07c4dd8,0x00000007aef00000)
  to   space 259584K, 0% used [0x00000007aef80000,0x00000007aef80000,0x00000007bed00000)
 ParOldGen       total 518144K, used 517723K [0x00000005c1a00000, 0x00000005e1400000, 0x0000000715e00000)
  object space 518144K, 99% used [0x00000005c1a00000,0x00000005e1396c60,0x00000005e1400000)
 Metaspace       used 116859K, capacity 133832K, committed 134168K, reserved 1163264K
  class space    used 16845K, capacity 20928K, committed 21032K, reserved 1048576K
}
Event: 155.302 GC heap before
{Heap before GC invocations=75 (full 8):
 PSYoungGen      total 2507776K, used 2270995K [0x0000000715e00000, 0x00000007bed00000, 0x00000007c0000000)
  eden space 2236416K, 100% used [0x0000000715e00000,0x000000079e600000,0x000000079e600000)
  from space 271360K, 12% used [0x000000079e600000,0x00000007a07c4dd8,0x00000007aef00000)
  to   space 259584K, 0% used [0x00000007aef80000,0x00000007aef80000,0x00000007bed00000)
 ParOldGen       total 518144K, used 517723K [0x00000005c1a00000, 0x00000005e1400000, 0x0000000715e00000)
  object space 518144K, 99% used [0x00000005c1a00000,0x00000005e1396c60,0x00000005e1400000)
 Metaspace       used 116867K, capacity 133832K, committed 134168K, reserved 1163264K
  class space    used 16845K, capacity 20928K, committed 21032K, reserved 1048576K
Event: 155.656 GC heap after
Heap after GC invocations=75 (full 8):
 PSYoungGen      total 2507776K, used 35154K [0x0000000715e00000, 0x00000007bed00000, 0x00000007c0000000)
  eden space 2236416K, 1% used [0x0000000715e00000,0x0000000718054b08,0x000000079e600000)
  from space 271360K, 0% used [0x000000079e600000,0x000000079e600000,0x00000007aef00000)
  to   space 259584K, 0% used [0x00000007aef80000,0x00000007aef80000,0x00000007bed00000)
 ParOldGen       total 518144K, used 518141K [0x00000005c1a00000, 0x00000005e1400000, 0x0000000715e00000)
  object space 518144K, 99% used [0x00000005c1a00000,0x00000005e13ff7b8,0x00000005e1400000)
 Metaspace       used 116867K, capacity 133832K, committed 134168K, reserved 1163264K
  class space    used 16845K, capacity 20928K, committed 21032K, reserved 1048576K
}
Event: 157.552 GC heap before
{Heap before GC invocations=76 (full 9):
 PSYoungGen      total 2507776K, used 2236416K [0x0000000715e00000, 0x00000007bed00000, 0x00000007c0000000)
  eden space 2236416K, 100% used [0x0000000715e00000,0x000000079e600000,0x000000079e600000)
  from space 271360K, 0% used [0x000000079e600000,0x000000079e600000,0x00000007aef00000)
  to   space 259584K, 0% used [0x00000007aef80000,0x00000007aef80000,0x00000007bed00000)
 ParOldGen       total 518144K, used 518141K [0x00000005c1a00000, 0x00000005e1400000, 0x0000000715e00000)
  object space 518144K, 99% used [0x00000005c1a00000,0x00000005e13ff7b8,0x00000005e1400000)
 Metaspace       used 116870K, capacity 133836K, committed 134168K, reserved 1163264K
  class space    used 16845K, capacity 20928K, committed 21032K, reserved 1048576K
Event: 157.869 GC heap after
Heap after GC invocations=76 (full 9):
 PSYoungGen      total 2507776K, used 38890K [0x0000000715e00000, 0x00000007bed00000, 0x00000007c0000000)
  eden space 2236416K, 1% used [0x0000000715e00000,0x00000007183fa920,0x000000079e600000)
  from space 271360K, 0% used [0x000000079e600000,0x000000079e600000,0x00000007aef00000)
  to   space 259584K, 0% used [0x00000007aef80000,0x00000007aef80000,0x00000007bed00000)
 ParOldGen       total 518144K, used 517958K [0x00000005c1a00000, 0x00000005e1400000, 0x0000000715e00000)
  object space 518144K, 99% used [0x00000005c1a00000,0x00000005e13d19a8,0x00000005e1400000)
 Metaspace       used 116870K, capacity 133836K, committed 134168K, reserved 1163264K
  class space    used 16845K, capacity 20928K, committed 21032K, reserved 1048576K
}
Event: 159.487 GC heap before
{Heap before GC invocations=77 (full 10):
 PSYoungGen      total 2507776K, used 2236416K [0x0000000715e00000, 0x00000007bed00000, 0x00000007c0000000)
  eden space 2236416K, 100% used [0x0000000715e00000,0x000000079e600000,0x000000079e600000)
  from space 271360K, 0% used [0x000000079e600000,0x000000079e600000,0x00000007aef00000)
  to   space 259584K, 0% used [0x00000007aef80000,0x00000007aef80000,0x00000007bed00000)
 ParOldGen       total 518144K, used 517958K [0x00000005c1a00000, 0x00000005e1400000, 0x0000000715e00000)
  object space 518144K, 99% used [0x00000005c1a00000,0x00000005e13d19a8,0x00000005e1400000)
 Metaspace       used 116889K, capacity 133836K, committed 134168K, reserved 1163264K
  class space    used 16845K, capacity 20928K, committed 21032K, reserved 1048576K
Event: 159.853 GC heap after
Heap after GC invocations=77 (full 10):
 PSYoungGen      total 2507776K, used 40771K [0x0000000715e00000, 0x00000007bed00000, 0x00000007c0000000)
  eden space 2236416K, 1% used [0x0000000715e00000,0x00000007185d0f78,0x000000079e600000)
  from space 271360K, 0% used [0x000000079e600000,0x000000079e600000,0x00000007aef00000)
  to   space 259584K, 0% used [0x00000007aef80000,0x00000007aef80000,0x00000007bed00000)
 ParOldGen       total 518144K, used 518073K [0x00000005c1a00000, 0x00000005e1400000, 0x0000000715e00000)
  object space 518144K, 99% used [0x00000005c1a00000,0x00000005e13ee510,0x00000005e1400000)
 Metaspace       used 116889K, capacity 133836K, committed 134168K, reserved 1163264K
  class space    used 16845K, capacity 20928K, committed 21032K, reserved 1048576K
}
Event: 164.442 GC heap before
{Heap before GC invocations=78 (full 11):
 PSYoungGen      total 2507776K, used 2236416K [0x0000000715e00000, 0x00000007bed00000, 0x00000007c0000000)
  eden space 2236416K, 100% used [0x0000000715e00000,0x000000079e600000,0x000000079e600000)
  from space 271360K, 0% used [0x000000079e600000,0x000000079e600000,0x00000007aef00000)
  to   space 259584K, 0% used [0x00000007aef80000,0x00000007aef80000,0x00000007bed00000)
 ParOldGen       total 518144K, used 518073K [0x00000005c1a00000, 0x00000005e1400000, 0x0000000715e00000)
  object space 518144K, 99% used [0x00000005c1a00000,0x00000005e13ee510,0x00000005e1400000)
 Metaspace       used 116902K, capacity 133932K, committed 134168K, reserved 1163264K
  class space    used 16846K, capacity 20930K, committed 21032K, reserved 1048576K
Event: 164.815 GC heap after
Heap after GC invocations=78 (full 11):
 PSYoungGen      total 2507776K, used 44184K [0x0000000715e00000, 0x00000007bed00000, 0x00000007c0000000)
  eden space 2236416K, 1% used [0x0000000715e00000,0x0000000718926058,0x000000079e600000)
  from space 271360K, 0% used [0x000000079e600000,0x000000079e600000,0x00000007aef00000)
  to   space 259584K, 0% used [0x00000007aef80000,0x00000007aef80000,0x00000007bed00000)
 ParOldGen       total 518144K, used 517843K [0x00000005c1a00000, 0x00000005e1400000, 0x0000000715e00000)
  object space 518144K, 99% used [0x00000005c1a00000,0x00000005e13b4d70,0x00000005e1400000)
 Metaspace       used 116902K, capacity 133932K, committed 134168K, reserved 1163264K
  class space    used 16846K, capacity 20930K, committed 21032K, reserved 1048576K
}

