# JRE version: OpenJDK Runtime Environment (8.0_292-b10) (build 1.8.0_292-b10)
# Java VM: OpenJDK 64-Bit Server VM (25.292-b10 mixed mode windows-amd64 compressed oops)
Heap:
 PSYoungGen      total 2691584K, used 2080635K [0x0000000715e00000, 0x00000007c0000000, 0x00000007c0000000)
  eden space 2595840K, 80% used [0x0000000715e00000,0x0000000794dded00,0x00000007b4500000)
  from space 95744K, 0% used [0x00000007b4500000,0x00000007b4500000,0x00000007ba280000)
  to   space 95744K, 0% used [0x00000007ba280000,0x00000007ba280000,0x00000007c0000000)
 ParOldGen       total 488960K, used 337773K [0x00000005c1a00000, 0x00000005df780000, 0x0000000715e00000)
  object space 488960K, 69% used [0x00000005c1a00000,0x00000005d63db608,0x00000005df780000)
 Metaspace       used 100007K, capacity 112970K, committed 113048K, reserved 1144832K
  class space    used 14832K, capacity 18295K, committed 18344K, reserved 1048576K
GC Heap History (10 events):
Event: 22.322 GC heap before
{Heap before GC invocations=45 (full 3):
 PSYoungGen      total 2677760K, used 2677678K [0x0000000715e00000, 0x00000007c0000000, 0x00000007c0000000)
  eden space 2613248K, 100% used [0x0000000715e00000,0x00000007b5600000,0x00000007b5600000)
  from space 64512K, 99% used [0x00000007b5600000,0x00000007b94eb888,0x00000007b9500000)
  to   space 91648K, 0% used [0x00000007ba680000,0x00000007ba680000,0x00000007c0000000)
 ParOldGen       total 488960K, used 206845K [0x00000005c1a00000, 0x00000005df780000, 0x0000000715e00000)
  object space 488960K, 42% used [0x00000005c1a00000,0x00000005ce3ff6f0,0x00000005df780000)
 Metaspace       used 87313K, capacity 96390K, committed 96664K, reserved 1130496K
  class space    used 12967K, capacity 15742K, committed 15784K, reserved 1048576K
Event: 22.343 GC heap after
Heap after GC invocations=45 (full 3):
 PSYoungGen      total 2693632K, used 57886K [0x0000000715e00000, 0x00000007c0000000, 0x00000007c0000000)
  eden space 2601984K, 0% used [0x0000000715e00000,0x0000000715e00000,0x00000007b4b00000)
  from space 91648K, 63% used [0x00000007ba680000,0x00000007bdf07848,0x00000007c0000000)
  to   space 92672K, 0% used [0x00000007b4b00000,0x00000007b4b00000,0x00000007ba580000)
 ParOldGen       total 488960K, used 215121K [0x00000005c1a00000, 0x00000005df780000, 0x0000000715e00000)
  object space 488960K, 43% used [0x00000005c1a00000,0x00000005cec147b0,0x00000005df780000)
 Metaspace       used 87313K, capacity 96390K, committed 96664K, reserved 1130496K
  class space    used 12967K, capacity 15742K, committed 15784K, reserved 1048576K
}
Event: 22.793 GC heap before
{Heap before GC invocations=46 (full 3):
 PSYoungGen      total 2693632K, used 2659870K [0x0000000715e00000, 0x00000007c0000000, 0x00000007c0000000)
  eden space 2601984K, 100% used [0x0000000715e00000,0x00000007b4b00000,0x00000007b4b00000)
  from space 91648K, 63% used [0x00000007ba680000,0x00000007bdf07848,0x00000007c0000000)
  to   space 92672K, 0% used [0x00000007b4b00000,0x00000007b4b00000,0x00000007ba580000)
 ParOldGen       total 488960K, used 215123K [0x00000005c1a00000, 0x00000005df780000, 0x0000000715e00000)
  object space 488960K, 43% used [0x00000005c1a00000,0x00000005cec14c68,0x00000005df780000)
 Metaspace       used 87331K, capacity 96390K, committed 96664K, reserved 1130496K
  class space    used 12969K, capacity 15742K, committed 15784K, reserved 1048576K
Event: 22.812 GC heap after
Heap after GC invocations=46 (full 3):
 PSYoungGen      total 2663424K, used 61006K [0x0000000715e00000, 0x00000007c0000000, 0x00000007c0000000)
  eden space 2601984K, 0% used [0x0000000715e00000,0x0000000715e00000,0x00000007b4b00000)
  from space 61440K, 99% used [0x00000007b4b00000,0x00000007b8693838,0x00000007b8700000)
  to   space 94208K, 0% used [0x00000007ba400000,0x00000007ba400000,0x00000007c0000000)
 ParOldGen       total 488960K, used 217483K [0x00000005c1a00000, 0x00000005df780000, 0x0000000715e00000)
  object space 488960K, 44% used [0x00000005c1a00000,0x00000005cee62df8,0x00000005df780000)
 Metaspace       used 87331K, capacity 96390K, committed 96664K, reserved 1130496K
  class space    used 12969K, capacity 15742K, committed 15784K, reserved 1048576K
}
Event: 23.316 GC heap before
{Heap before GC invocations=47 (full 3):
 PSYoungGen      total 2663424K, used 2662990K [0x0000000715e00000, 0x00000007c0000000, 0x00000007c0000000)
  eden space 2601984K, 100% used [0x0000000715e00000,0x00000007b4b00000,0x00000007b4b00000)
  from space 61440K, 99% used [0x00000007b4b00000,0x00000007b8693838,0x00000007b8700000)
  to   space 94208K, 0% used [0x00000007ba400000,0x00000007ba400000,0x00000007c0000000)
 ParOldGen       total 488960K, used 217995K [0x00000005c1a00000, 0x00000005df780000, 0x0000000715e00000)
  object space 488960K, 44% used [0x00000005c1a00000,0x00000005ceee2e68,0x00000005df780000)
 Metaspace       used 87349K, capacity 96478K, committed 96664K, reserved 1130496K
  class space    used 12971K, capacity 15744K, committed 15784K, reserved 1048576K
Event: 23.337 GC heap after
Heap after GC invocations=47 (full 3):
 PSYoungGen      total 2690048K, used 62478K [0x0000000715e00000, 0x00000007c0000000, 0x00000007c0000000)
  eden space 2595840K, 0% used [0x0000000715e00000,0x0000000715e00000,0x00000007b4500000)
  from space 94208K, 66% used [0x00000007ba400000,0x00000007be103838,0x00000007c0000000)
  to   space 95744K, 0% used [0x00000007b4500000,0x00000007b4500000,0x00000007ba280000)
 ParOldGen       total 488960K, used 223035K [0x00000005c1a00000, 0x00000005df780000, 0x0000000715e00000)
  object space 488960K, 45% used [0x00000005c1a00000,0x00000005cf3cee88,0x00000005df780000)
 Metaspace       used 87349K, capacity 96478K, committed 96664K, reserved 1130496K
  class space    used 12971K, capacity 15744K, committed 15784K, reserved 1048576K
}
Event: 26.954 GC heap before
{Heap before GC invocations=48 (full 3):
 PSYoungGen      total 2690048K, used 2309298K [0x0000000715e00000, 0x00000007c0000000, 0x00000007c0000000)
  eden space 2595840K, 86% used [0x0000000715e00000,0x000000079f028fd0,0x00000007b4500000)
  from space 94208K, 66% used [0x00000007ba400000,0x00000007be103838,0x00000007c0000000)
  to   space 95744K, 0% used [0x00000007b4500000,0x00000007b4500000,0x00000007ba280000)
 ParOldGen       total 488960K, used 223035K [0x00000005c1a00000, 0x00000005df780000, 0x0000000715e00000)
  object space 488960K, 45% used [0x00000005c1a00000,0x00000005cf3cee88,0x00000005df780000)
 Metaspace       used 89218K, capacity 98566K, committed 98600K, reserved 1132544K
  class space    used 13197K, capacity 16028K, committed 16040K, reserved 1048576K
Event: 26.996 GC heap after
Heap after GC invocations=48 (full 3):
 PSYoungGen      total 2691584K, used 95719K [0x0000000715e00000, 0x00000007c0000000, 0x00000007c0000000)
  eden space 2595840K, 0% used [0x0000000715e00000,0x0000000715e00000,0x00000007b4500000)
  from space 95744K, 99% used [0x00000007b4500000,0x00000007ba279fd8,0x00000007ba280000)
  to   space 95744K, 0% used [0x00000007ba280000,0x00000007ba280000,0x00000007c0000000)
 ParOldGen       total 488960K, used 248640K [0x00000005c1a00000, 0x00000005df780000, 0x0000000715e00000)
  object space 488960K, 50% used [0x00000005c1a00000,0x00000005d0cd0020,0x00000005df780000)
 Metaspace       used 89218K, capacity 98566K, committed 98600K, reserved 1132544K
  class space    used 13197K, capacity 16028K, committed 16040K, reserved 1048576K
}
Event: 26.996 GC heap before
{Heap before GC invocations=49 (full 4):
 PSYoungGen      total 2691584K, used 95719K [0x0000000715e00000, 0x00000007c0000000, 0x00000007c0000000)
  eden space 2595840K, 0% used [0x0000000715e00000,0x0000000715e00000,0x00000007b4500000)
  from space 95744K, 99% used [0x00000007b4500000,0x00000007ba279fd8,0x00000007ba280000)
  to   space 95744K, 0% used [0x00000007ba280000,0x00000007ba280000,0x00000007c0000000)
 ParOldGen       total 488960K, used 248640K [0x00000005c1a00000, 0x00000005df780000, 0x0000000715e00000)
  object space 488960K, 50% used [0x00000005c1a00000,0x00000005d0cd0020,0x00000005df780000)
 Metaspace       used 89218K, capacity 98566K, committed 98600K, reserved 1132544K
  class space    used 13197K, capacity 16028K, committed 16040K, reserved 1048576K
Event: 27.596 GC heap after
Heap after GC invocations=49 (full 4):
 PSYoungGen      total 2691584K, used 0K [0x0000000715e00000, 0x00000007c0000000, 0x00000007c0000000)
  eden space 2595840K, 0% used [0x0000000715e00000,0x0000000715e00000,0x00000007b4500000)
  from space 95744K, 0% used [0x00000007b4500000,0x00000007b4500000,0x00000007ba280000)
  to   space 95744K, 0% used [0x00000007ba280000,0x00000007ba280000,0x00000007c0000000)
 ParOldGen       total 488960K, used 337773K [0x00000005c1a00000, 0x00000005df780000, 0x0000000715e00000)
  object space 488960K, 69% used [0x00000005c1a00000,0x00000005d63db608,0x00000005df780000)
 Metaspace       used 89200K, capacity 98520K, committed 98600K, reserved 1132544K
  class space    used 13190K, capacity 16017K, committed 16040K, reserved 1048576K
}

