# JRE version: OpenJDK Runtime Environment (8.0_292-b10) (build 1.8.0_292-b10)
# Java VM: OpenJDK 64-Bit Server VM (25.292-b10 mixed mode windows-amd64 compressed oops)
Heap:
 PSYoungGen      total 2781184K, used 2780608K [0x0000000715e00000, 0x00000007c0000000, 0x00000007c0000000)
  eden space 2775040K, 100% used [0x0000000715e00000,0x00000007bf400000,0x00000007bf400000)
  from space 6144K, 90% used [0x00000007bf400000,0x00000007bf970000,0x00000007bfa00000)
  to   space 6144K, 90% used [0x00000007bfa00000,0x00000007bff70000,0x00000007c0000000)
 ParOldGen       total 959488K, used 539409K [0x00000005c1a00000, 0x00000005fc300000, 0x0000000715e00000)
  object space 959488K, 56% used [0x00000005c1a00000,0x00000005e28c46c8,0x00000005fc300000)
 Metaspace       used 115767K, capacity 132142K, committed 132432K, reserved 1161216K
  class space    used 16729K, capacity 20763K, committed 20864K, reserved 1048576K
GC Heap History (10 events):
Event: 3651.430 GC heap after
Heap after GC invocations=4216 (full 5):
 PSYoungGen      total 2781184K, used 5568K [0x0000000715e00000, 0x00000007c0000000, 0x00000007c0000000)
  eden space 2775040K, 0% used [0x0000000715e00000,0x0000000715e00000,0x00000007bf400000)
  from space 6144K, 90% used [0x00000007bf400000,0x00000007bf970000,0x00000007bfa00000)
  to   space 6144K, 0% used [0x00000007bfa00000,0x00000007bfa00000,0x00000007c0000000)
 ParOldGen       total 959488K, used 539409K [0x00000005c1a00000, 0x00000005fc300000, 0x0000000715e00000)
  object space 959488K, 56% used [0x00000005c1a00000,0x00000005e28c46c8,0x00000005fc300000)
 Metaspace       used 115767K, capacity 132142K, committed 132432K, reserved 1161216K
  class space    used 16729K, capacity 20763K, committed 20864K, reserved 1048576K
}
Event: 3657.004 GC heap before
{Heap before GC invocations=4217 (full 5):
 PSYoungGen      total 2781184K, used 2780608K [0x0000000715e00000, 0x00000007c0000000, 0x00000007c0000000)
  eden space 2775040K, 100% used [0x0000000715e00000,0x00000007bf400000,0x00000007bf400000)
  from space 6144K, 90% used [0x00000007bf400000,0x00000007bf970000,0x00000007bfa00000)
  to   space 6144K, 0% used [0x00000007bfa00000,0x00000007bfa00000,0x00000007c0000000)
 ParOldGen       total 959488K, used 539409K [0x00000005c1a00000, 0x00000005fc300000, 0x0000000715e00000)
  object space 959488K, 56% used [0x00000005c1a00000,0x00000005e28c46c8,0x00000005fc300000)
 Metaspace       used 115767K, capacity 132142K, committed 132432K, reserved 1161216K
  class space    used 16729K, capacity 20763K, committed 20864K, reserved 1048576K
Event: 3657.025 GC heap after
Heap after GC invocations=4217 (full 5):
 PSYoungGen      total 2781184K, used 5568K [0x0000000715e00000, 0x00000007c0000000, 0x00000007c0000000)
  eden space 2775040K, 0% used [0x0000000715e00000,0x0000000715e00000,0x00000007bf400000)
  from space 6144K, 90% used [0x00000007bfa00000,0x00000007bff70000,0x00000007c0000000)
  to   space 6144K, 0% used [0x00000007bf400000,0x00000007bf400000,0x00000007bfa00000)
 ParOldGen       total 959488K, used 539409K [0x00000005c1a00000, 0x00000005fc300000, 0x0000000715e00000)
  object space 959488K, 56% used [0x00000005c1a00000,0x00000005e28c46c8,0x00000005fc300000)
 Metaspace       used 115767K, capacity 132142K, committed 132432K, reserved 1161216K
  class space    used 16729K, capacity 20763K, committed 20864K, reserved 1048576K
}
Event: 3662.510 GC heap before
{Heap before GC invocations=4218 (full 5):
 PSYoungGen      total 2781184K, used 2780608K [0x0000000715e00000, 0x00000007c0000000, 0x00000007c0000000)
  eden space 2775040K, 100% used [0x0000000715e00000,0x00000007bf400000,0x00000007bf400000)
  from space 6144K, 90% used [0x00000007bfa00000,0x00000007bff70000,0x00000007c0000000)
  to   space 6144K, 0% used [0x00000007bf400000,0x00000007bf400000,0x00000007bfa00000)
 ParOldGen       total 959488K, used 539409K [0x00000005c1a00000, 0x00000005fc300000, 0x0000000715e00000)
  object space 959488K, 56% used [0x00000005c1a00000,0x00000005e28c46c8,0x00000005fc300000)
 Metaspace       used 115767K, capacity 132142K, committed 132432K, reserved 1161216K
  class space    used 16729K, capacity 20763K, committed 20864K, reserved 1048576K
Event: 3662.532 GC heap after
Heap after GC invocations=4218 (full 5):
 PSYoungGen      total 2781184K, used 5568K [0x0000000715e00000, 0x00000007c0000000, 0x00000007c0000000)
  eden space 2775040K, 0% used [0x0000000715e00000,0x0000000715e00000,0x00000007bf400000)
  from space 6144K, 90% used [0x00000007bf400000,0x00000007bf970000,0x00000007bfa00000)
  to   space 6144K, 0% used [0x00000007bfa00000,0x00000007bfa00000,0x00000007c0000000)
 ParOldGen       total 959488K, used 539409K [0x00000005c1a00000, 0x00000005fc300000, 0x0000000715e00000)
  object space 959488K, 56% used [0x00000005c1a00000,0x00000005e28c46c8,0x00000005fc300000)
 Metaspace       used 115767K, capacity 132142K, committed 132432K, reserved 1161216K
  class space    used 16729K, capacity 20763K, committed 20864K, reserved 1048576K
}
Event: 3668.070 GC heap before
{Heap before GC invocations=4219 (full 5):
 PSYoungGen      total 2781184K, used 2780608K [0x0000000715e00000, 0x00000007c0000000, 0x00000007c0000000)
  eden space 2775040K, 100% used [0x0000000715e00000,0x00000007bf400000,0x00000007bf400000)
  from space 6144K, 90% used [0x00000007bf400000,0x00000007bf970000,0x00000007bfa00000)
  to   space 6144K, 0% used [0x00000007bfa00000,0x00000007bfa00000,0x00000007c0000000)
 ParOldGen       total 959488K, used 539409K [0x00000005c1a00000, 0x00000005fc300000, 0x0000000715e00000)
  object space 959488K, 56% used [0x00000005c1a00000,0x00000005e28c46c8,0x00000005fc300000)
 Metaspace       used 115767K, capacity 132142K, committed 132432K, reserved 1161216K
  class space    used 16729K, capacity 20763K, committed 20864K, reserved 1048576K
Event: 3668.091 GC heap after
Heap after GC invocations=4219 (full 5):
 PSYoungGen      total 2781184K, used 5632K [0x0000000715e00000, 0x00000007c0000000, 0x00000007c0000000)
  eden space 2775040K, 0% used [0x0000000715e00000,0x0000000715e00000,0x00000007bf400000)
  from space 6144K, 91% used [0x00000007bfa00000,0x00000007bff80000,0x00000007c0000000)
  to   space 6144K, 0% used [0x00000007bf400000,0x00000007bf400000,0x00000007bfa00000)
 ParOldGen       total 959488K, used 539409K [0x00000005c1a00000, 0x00000005fc300000, 0x0000000715e00000)
  object space 959488K, 56% used [0x00000005c1a00000,0x00000005e28c46c8,0x00000005fc300000)
 Metaspace       used 115767K, capacity 132142K, committed 132432K, reserved 1161216K
  class space    used 16729K, capacity 20763K, committed 20864K, reserved 1048576K
}
Event: 3673.702 GC heap before
{Heap before GC invocations=4220 (full 5):
 PSYoungGen      total 2781184K, used 2780672K [0x0000000715e00000, 0x00000007c0000000, 0x00000007c0000000)
  eden space 2775040K, 100% used [0x0000000715e00000,0x00000007bf400000,0x00000007bf400000)
  from space 6144K, 91% used [0x00000007bfa00000,0x00000007bff80000,0x00000007c0000000)
  to   space 6144K, 0% used [0x00000007bf400000,0x00000007bf400000,0x00000007bfa00000)
 ParOldGen       total 959488K, used 539409K [0x00000005c1a00000, 0x00000005fc300000, 0x0000000715e00000)
  object space 959488K, 56% used [0x00000005c1a00000,0x00000005e28c46c8,0x00000005fc300000)
 Metaspace       used 115767K, capacity 132142K, committed 132432K, reserved 1161216K
  class space    used 16729K, capacity 20763K, committed 20864K, reserved 1048576K
Event: 3673.724 GC heap after
Heap after GC invocations=4220 (full 5):
 PSYoungGen      total 2781184K, used 5568K [0x0000000715e00000, 0x00000007c0000000, 0x00000007c0000000)
  eden space 2775040K, 0% used [0x0000000715e00000,0x0000000715e00000,0x00000007bf400000)
  from space 6144K, 90% used [0x00000007bf400000,0x00000007bf970000,0x00000007bfa00000)
  to   space 6144K, 0% used [0x00000007bfa00000,0x00000007bfa00000,0x00000007c0000000)
 ParOldGen       total 959488K, used 539409K [0x00000005c1a00000, 0x00000005fc300000, 0x0000000715e00000)
  object space 959488K, 56% used [0x00000005c1a00000,0x00000005e28c46c8,0x00000005fc300000)
 Metaspace       used 115767K, capacity 132142K, committed 132432K, reserved 1161216K
  class space    used 16729K, capacity 20763K, committed 20864K, reserved 1048576K
}
Event: 3679.335 GC heap before
{Heap before GC invocations=4221 (full 5):
 PSYoungGen      total 2781184K, used 2780608K [0x0000000715e00000, 0x00000007c0000000, 0x00000007c0000000)
  eden space 2775040K, 100% used [0x0000000715e00000,0x00000007bf400000,0x00000007bf400000)
  from space 6144K, 90% used [0x00000007bf400000,0x00000007bf970000,0x00000007bfa00000)
  to   space 6144K, 0% used [0x00000007bfa00000,0x00000007bfa00000,0x00000007c0000000)
 ParOldGen       total 959488K, used 539409K [0x00000005c1a00000, 0x00000005fc300000, 0x0000000715e00000)
  object space 959488K, 56% used [0x00000005c1a00000,0x00000005e28c46c8,0x00000005fc300000)
 Metaspace       used 115767K, capacity 132142K, committed 132432K, reserved 1161216K
  class space    used 16729K, capacity 20763K, committed 20864K, reserved 1048576K

